09-25 22:28:46 com_github_MitjaNemec_ReplicateLayout.action_replicate_layout 409:Plugin executed on: 'win32'
09-25 22:28:46 com_github_MitjaNemec_ReplicateLayout.action_replicate_layout 410:Plugin executed with python version: '3.11.5 (main, Jan 27 2025, 07:08:36) [MSC v.1942 64 bit (AMD64)]'
09-25 22:28:46 com_github_MitjaNemec_ReplicateLayout.action_replicate_layout 411:KiCad build version: 9.0.2
09-25 22:28:46 com_github_MitjaNemec_ReplicateLayout.action_replicate_layout 412:Plugin version: 4.0.3
09-25 22:28:46 com_github_MitjaNemec_ReplicateLayout.action_replicate_layout 413:Frame repr: <wx._core.Frame object at 0x000001E84EDF7A30>
09-25 22:28:46 com_github_MitjaNemec_ReplicateLayout.action_replicate_layout 437:Preparing replicator with IC4 as a reference
09-25 22:28:46 com_github_MitjaNemec_ReplicateLayout.replicate_layout 117:getting a list of all footprints on board
09-25 22:28:46 com_github_MitjaNemec_ReplicateLayout.action_replicate_layout 485:source anchor footprint is 'IC4'
Located on: ['/Sampling Head CH1/', '/Sampling Head CH1/High Speed Comparator/']
With filenames: ['sampling_head.kicad_sch', 'comp_adcmp572.kicad_sch']
With sheet_id:['/Sampling Head CH1/', '/Sampling Head CH1/High Speed Comparator/']
09-25 22:28:46 com_github_MitjaNemec_ReplicateLayout.action_replicate_layout 492:Corresponding footprints are 
[('IC6', ['/Sampling Head CH2/', '/Sampling Head CH1/High Speed Comparator/']), ('IC2', ['/Trigger Circuitry/', '/Trigger Circuitry/High Speed Comparator/']), ('IC4', ['/Sampling Head CH1/', '/Sampling Head CH1/High Speed Comparator/'])]
09-25 22:28:46 com_github_MitjaNemec_ReplicateLayout.action_replicate_layout 504:Showing dialog
09-25 22:28:46 com_github_MitjaNemec_ReplicateLayout.replicate_layout 472:constructing a list of sheets suitable for replication on level:'/Sampling Head CH1/High Speed Comparator/', file:'comp_adcmp572.kicad_sch'
09-25 22:28:46 com_github_MitjaNemec_ReplicateLayout.replicate_layout 509:suitable sheets are:[['/Sampling Head CH2/', '/Sampling Head CH1/High Speed Comparator/'], ['/Trigger Circuitry/', '/Trigger Circuitry/High Speed Comparator/']]
09-25 22:28:46 com_github_MitjaNemec_ReplicateLayout.replicate_layout 1512:Level selected: ['/Sampling Head CH1/', '/Sampling Head CH1/High Speed Comparator/']
09-25 22:28:46 com_github_MitjaNemec_ReplicateLayout.replicate_layout 1336:Filtering list of tracks
09-25 22:28:46 com_github_MitjaNemec_ReplicateLayout.action_replicate_layout 510:Toolbar position: wx.Point(-35, 327)
09-25 22:28:46 com_github_MitjaNemec_ReplicateLayout.action_replicate_layout 515:Dialog position: wx.Point(-474, 327)
09-25 22:29:03 com_github_MitjaNemec_ReplicateLayout.replicate_layout 472:constructing a list of sheets suitable for replication on level:'/Sampling Head CH1/High Speed Comparator/', file:'comp_adcmp572.kicad_sch'
09-25 22:29:03 com_github_MitjaNemec_ReplicateLayout.replicate_layout 509:suitable sheets are:[['/Sampling Head CH2/', '/Sampling Head CH1/High Speed Comparator/'], ['/Trigger Circuitry/', '/Trigger Circuitry/High Speed Comparator/']]
09-25 22:29:03 com_github_MitjaNemec_ReplicateLayout.action_replicate_layout 248:Replicating layout
09-25 22:29:03 com_github_MitjaNemec_ReplicateLayout.replicate_layout 288:Starting replication of sheets: [['/Sampling Head CH2/', '/Sampling Head CH1/High Speed Comparator/'], ['/Trigger Circuitry/', '/Trigger Circuitry/High Speed Comparator/']]
on level: ['/Sampling Head CH1/', '/Sampling Head CH1/High Speed Comparator/']
with tracks=True, zone=True, text=True, text=True, intersecting=False, remove=False, locked footprints=False, group_only=False
09-25 22:29:03 root 340:updating GUI message: 'Preparing for replication'
09-25 22:29:03 root 345:updating GUI with: 0
09-25 22:29:03 com_github_MitjaNemec_ReplicateLayout.replicate_layout 358:Getting the list of source footprints
09-25 22:29:03 com_github_MitjaNemec_ReplicateLayout.replicate_layout 368:Getting the list of all the remaining footprints
09-25 22:29:03 com_github_MitjaNemec_ReplicateLayout.replicate_layout 375:Getting source tracks
09-25 22:29:03 com_github_MitjaNemec_ReplicateLayout.replicate_layout 1336:Filtering list of tracks
09-25 22:29:03 com_github_MitjaNemec_ReplicateLayout.replicate_layout 379:Getting source zones
09-25 22:29:03 com_github_MitjaNemec_ReplicateLayout.replicate_layout 383:Getting source text items
09-25 22:29:03 com_github_MitjaNemec_ReplicateLayout.replicate_layout 387:Getting source drawing items
09-25 22:29:03 root 340:updating GUI message: 'Replicating footprints'
09-25 22:29:03 com_github_MitjaNemec_ReplicateLayout.replicate_layout 863:Replicating footprints
09-25 22:29:03 com_github_MitjaNemec_ReplicateLayout.replicate_layout 870:Replicating footprints on sheet ['/Sampling Head CH2/', '/Sampling Head CH1/High Speed Comparator/']
09-25 22:29:03 com_github_MitjaNemec_ReplicateLayout.replicate_layout 835:Src fp.id: 'BCC186B3-3CAF-410A-BAD0-450ED99C1DFA'
09-25 22:29:03 com_github_MitjaNemec_ReplicateLayout.replicate_layout 839:Dst fp.id: 'BCC186B3-3CAF-410A-BAD0-450ED99C1DFA'
09-25 22:29:03 com_github_MitjaNemec_ReplicateLayout.replicate_layout 888:Replicating footprint: 'C76'
09-25 22:29:03 com_github_MitjaNemec_ReplicateLayout.replicate_layout 835:Src fp.id: 'C53DDC2E-BCE8-4187-8D59-FF87E03DC75E'
09-25 22:29:03 com_github_MitjaNemec_ReplicateLayout.replicate_layout 839:Dst fp.id: 'C53DDC2E-BCE8-4187-8D59-FF87E03DC75E'
09-25 22:29:03 com_github_MitjaNemec_ReplicateLayout.replicate_layout 895:found match in dst footprint: 'C77'
09-25 22:29:03 com_github_MitjaNemec_ReplicateLayout.replicate_layout 990:Src text UUid:0933171a-928b-4bf1-9e2e-670882b7f196
09-25 22:29:03 com_github_MitjaNemec_ReplicateLayout.replicate_layout 991:Dst text UUid:237026ad-ce4d-4bb0-8200-04ac0ee37ccb
09-25 22:29:03 com_github_MitjaNemec_ReplicateLayout.replicate_layout 990:Src text UUid:4701ad49-e0f3-49f3-b095-850a6e1b204b
09-25 22:29:03 com_github_MitjaNemec_ReplicateLayout.replicate_layout 991:Dst text UUid:c7036e11-e538-4c22-9b91-c81f0cb183f5
09-25 22:29:03 com_github_MitjaNemec_ReplicateLayout.replicate_layout 990:Src text UUid:6b35ecbc-6c00-4d28-af32-fd409917a073
09-25 22:29:03 com_github_MitjaNemec_ReplicateLayout.replicate_layout 991:Dst text UUid:ab661f2a-544f-40bd-9190-939eface94d9
09-25 22:29:03 com_github_MitjaNemec_ReplicateLayout.replicate_layout 888:Replicating footprint: 'R26'
09-25 22:29:03 com_github_MitjaNemec_ReplicateLayout.replicate_layout 835:Src fp.id: '05C554AC-0CB2-48CE-BBC3-259AF467B085'
09-25 22:29:03 com_github_MitjaNemec_ReplicateLayout.replicate_layout 839:Dst fp.id: '05C554AC-0CB2-48CE-BBC3-259AF467B085'
09-25 22:29:03 com_github_MitjaNemec_ReplicateLayout.replicate_layout 895:found match in dst footprint: 'R35'
09-25 22:29:03 com_github_MitjaNemec_ReplicateLayout.replicate_layout 990:Src text UUid:77ececfa-b295-44a7-b54b-1382518329f8
09-25 22:29:03 com_github_MitjaNemec_ReplicateLayout.replicate_layout 991:Dst text UUid:b68645fd-99d3-4954-a938-0d18300d3bb7
09-25 22:29:03 com_github_MitjaNemec_ReplicateLayout.replicate_layout 990:Src text UUid:b9dfc8e9-8a5e-40ef-97f5-0ba0e5ad05eb
09-25 22:29:03 com_github_MitjaNemec_ReplicateLayout.replicate_layout 991:Dst text UUid:64e5880b-9058-4e05-b677-80d792d64121
09-25 22:29:03 com_github_MitjaNemec_ReplicateLayout.replicate_layout 990:Src text UUid:46971ffc-7f6e-47d4-a655-c1d7dceb8174
09-25 22:29:03 com_github_MitjaNemec_ReplicateLayout.replicate_layout 991:Dst text UUid:8876735c-457f-4adc-aa62-a7599159b84e
09-25 22:29:03 com_github_MitjaNemec_ReplicateLayout.replicate_layout 888:Replicating footprint: 'R25'
09-25 22:29:03 root 345:updating GUI with: 6
09-25 22:29:03 com_github_MitjaNemec_ReplicateLayout.replicate_layout 835:Src fp.id: 'C3D81342-AC47-4E01-B06F-75B2FDC01C8C'
09-25 22:29:03 com_github_MitjaNemec_ReplicateLayout.replicate_layout 839:Dst fp.id: 'C3D81342-AC47-4E01-B06F-75B2FDC01C8C'
09-25 22:29:03 com_github_MitjaNemec_ReplicateLayout.replicate_layout 895:found match in dst footprint: 'R34'
09-25 22:29:03 com_github_MitjaNemec_ReplicateLayout.replicate_layout 990:Src text UUid:f2374cd1-6693-471f-8536-9758d0941900
09-25 22:29:03 com_github_MitjaNemec_ReplicateLayout.replicate_layout 991:Dst text UUid:cf8cf781-8bfb-45d5-b43d-a87ff1cb7ff8
09-25 22:29:03 com_github_MitjaNemec_ReplicateLayout.replicate_layout 990:Src text UUid:b43da4c5-b024-492b-a587-a5e56488484c
09-25 22:29:03 com_github_MitjaNemec_ReplicateLayout.replicate_layout 991:Dst text UUid:dc4d6309-64c6-45f5-8009-90e765e261dc
09-25 22:29:03 com_github_MitjaNemec_ReplicateLayout.replicate_layout 990:Src text UUid:f47626da-f3fb-4e7c-8387-22b09f1b2b86
09-25 22:29:03 com_github_MitjaNemec_ReplicateLayout.replicate_layout 991:Dst text UUid:b618fc30-ccb1-4d0c-9443-378ecc958c48
09-25 22:29:03 com_github_MitjaNemec_ReplicateLayout.replicate_layout 888:Replicating footprint: 'R24'
09-25 22:29:03 com_github_MitjaNemec_ReplicateLayout.replicate_layout 835:Src fp.id: 'D337B9E3-EE04-4E2E-A73C-7129FED0B84E'
09-25 22:29:03 com_github_MitjaNemec_ReplicateLayout.replicate_layout 839:Dst fp.id: 'D337B9E3-EE04-4E2E-A73C-7129FED0B84E'
09-25 22:29:03 com_github_MitjaNemec_ReplicateLayout.replicate_layout 895:found match in dst footprint: 'R33'
09-25 22:29:03 com_github_MitjaNemec_ReplicateLayout.replicate_layout 990:Src text UUid:9fd8285b-d1db-4b5f-ab41-139e16551fe7
09-25 22:29:03 com_github_MitjaNemec_ReplicateLayout.replicate_layout 991:Dst text UUid:09bf7c05-9a08-4a38-ab0a-4b507e06cfbd
09-25 22:29:03 com_github_MitjaNemec_ReplicateLayout.replicate_layout 990:Src text UUid:eb13ae24-b9ca-452f-ab07-7badd0891aef
09-25 22:29:03 com_github_MitjaNemec_ReplicateLayout.replicate_layout 991:Dst text UUid:f7df0f38-c4a7-44e6-b2ec-15066500e5a1
09-25 22:29:03 com_github_MitjaNemec_ReplicateLayout.replicate_layout 990:Src text UUid:14fe3b9c-7437-439d-a754-0b1d951f0c0c
09-25 22:29:03 com_github_MitjaNemec_ReplicateLayout.replicate_layout 991:Dst text UUid:770b6afd-7221-40ae-ab9e-1ce33b2d10af
09-25 22:29:03 com_github_MitjaNemec_ReplicateLayout.replicate_layout 888:Replicating footprint: 'R23'
09-25 22:29:03 com_github_MitjaNemec_ReplicateLayout.replicate_layout 835:Src fp.id: '045F58F0-0B7A-4706-84F1-EBD9822B48AF'
09-25 22:29:03 com_github_MitjaNemec_ReplicateLayout.replicate_layout 839:Dst fp.id: '045F58F0-0B7A-4706-84F1-EBD9822B48AF'
09-25 22:29:03 com_github_MitjaNemec_ReplicateLayout.replicate_layout 895:found match in dst footprint: 'R32'
09-25 22:29:03 com_github_MitjaNemec_ReplicateLayout.replicate_layout 990:Src text UUid:bff03bbd-3c9b-42da-84c8-71ffd37b2cba
09-25 22:29:03 com_github_MitjaNemec_ReplicateLayout.replicate_layout 991:Dst text UUid:e48c7d17-8e66-4373-968b-a3084aaf227b
09-25 22:29:03 com_github_MitjaNemec_ReplicateLayout.replicate_layout 990:Src text UUid:27bb0ac5-a79b-4955-8fb0-dd378b39430f
09-25 22:29:03 com_github_MitjaNemec_ReplicateLayout.replicate_layout 991:Dst text UUid:2f65c1d7-aae7-4143-9cea-8df172c86595
09-25 22:29:03 com_github_MitjaNemec_ReplicateLayout.replicate_layout 990:Src text UUid:edc11ab3-24ef-407f-8a77-6342b38b03c9
09-25 22:29:03 com_github_MitjaNemec_ReplicateLayout.replicate_layout 991:Dst text UUid:3103812d-89ee-4b89-91a4-a6f57ec709b2
09-25 22:29:03 com_github_MitjaNemec_ReplicateLayout.replicate_layout 888:Replicating footprint: 'R22'
09-25 22:29:03 com_github_MitjaNemec_ReplicateLayout.replicate_layout 835:Src fp.id: '051063BD-B7F2-499C-8EBA-3D72492D9E41'
09-25 22:29:03 com_github_MitjaNemec_ReplicateLayout.replicate_layout 839:Dst fp.id: '051063BD-B7F2-499C-8EBA-3D72492D9E41'
09-25 22:29:03 com_github_MitjaNemec_ReplicateLayout.replicate_layout 895:found match in dst footprint: 'R31'
09-25 22:29:03 com_github_MitjaNemec_ReplicateLayout.replicate_layout 990:Src text UUid:79cb2c95-f148-4039-93a3-73a8227b4318
09-25 22:29:03 com_github_MitjaNemec_ReplicateLayout.replicate_layout 991:Dst text UUid:18fc3212-9bc6-458a-bd53-374628d58248
09-25 22:29:03 com_github_MitjaNemec_ReplicateLayout.replicate_layout 990:Src text UUid:e9f3a8c0-5dc9-46ec-a6de-77926833435c
09-25 22:29:03 com_github_MitjaNemec_ReplicateLayout.replicate_layout 991:Dst text UUid:35549498-9682-4cc8-9ed6-7a9d62962bb2
09-25 22:29:03 com_github_MitjaNemec_ReplicateLayout.replicate_layout 990:Src text UUid:15bfb567-5902-4984-8d03-040600a0f8bf
09-25 22:29:03 com_github_MitjaNemec_ReplicateLayout.replicate_layout 991:Dst text UUid:383920f0-18e3-44c2-9251-11683ad24ea7
09-25 22:29:03 com_github_MitjaNemec_ReplicateLayout.replicate_layout 888:Replicating footprint: 'R21'
09-25 22:29:03 com_github_MitjaNemec_ReplicateLayout.replicate_layout 835:Src fp.id: '2D7D0D6B-06C8-4C4F-B58A-D9BF4C124087'
09-25 22:29:03 com_github_MitjaNemec_ReplicateLayout.replicate_layout 839:Dst fp.id: '2D7D0D6B-06C8-4C4F-B58A-D9BF4C124087'
09-25 22:29:03 com_github_MitjaNemec_ReplicateLayout.replicate_layout 895:found match in dst footprint: 'R30'
09-25 22:29:03 com_github_MitjaNemec_ReplicateLayout.replicate_layout 990:Src text UUid:ca97f674-46ee-437e-9f6c-5eae065b8232
09-25 22:29:03 com_github_MitjaNemec_ReplicateLayout.replicate_layout 991:Dst text UUid:9feb0029-b114-4541-9199-4f24de473463
09-25 22:29:03 com_github_MitjaNemec_ReplicateLayout.replicate_layout 990:Src text UUid:2f629502-3be3-415e-b042-2a8fad9b5da7
09-25 22:29:03 com_github_MitjaNemec_ReplicateLayout.replicate_layout 991:Dst text UUid:d6f53be6-76f2-463c-8eb6-76636b53720a
09-25 22:29:03 com_github_MitjaNemec_ReplicateLayout.replicate_layout 990:Src text UUid:8a15dc88-c9d7-457b-952d-18c6df44649d
09-25 22:29:03 com_github_MitjaNemec_ReplicateLayout.replicate_layout 991:Dst text UUid:611c9175-9136-43c1-bf1a-840eaa656a96
09-25 22:29:03 com_github_MitjaNemec_ReplicateLayout.replicate_layout 888:Replicating footprint: 'R20'
09-25 22:29:03 com_github_MitjaNemec_ReplicateLayout.replicate_layout 835:Src fp.id: '76344068-CC8C-46A3-9CC0-20C374E419E7'
09-25 22:29:03 com_github_MitjaNemec_ReplicateLayout.replicate_layout 839:Dst fp.id: '76344068-CC8C-46A3-9CC0-20C374E419E7'
09-25 22:29:03 com_github_MitjaNemec_ReplicateLayout.replicate_layout 895:found match in dst footprint: 'R29'
09-25 22:29:03 com_github_MitjaNemec_ReplicateLayout.replicate_layout 990:Src text UUid:b6623c00-c250-460a-ac7c-39a36f50e3b3
09-25 22:29:03 com_github_MitjaNemec_ReplicateLayout.replicate_layout 991:Dst text UUid:df0df2e6-ce5c-4ee7-8180-e1d5cff82e11
09-25 22:29:03 com_github_MitjaNemec_ReplicateLayout.replicate_layout 990:Src text UUid:19c9562b-26cf-4c99-84c3-e72b32ec3e38
09-25 22:29:03 com_github_MitjaNemec_ReplicateLayout.replicate_layout 991:Dst text UUid:25a60dc2-8161-4ead-a973-d4a510e0bb05
09-25 22:29:03 com_github_MitjaNemec_ReplicateLayout.replicate_layout 990:Src text UUid:d78db316-a6e6-4fd7-bf80-67a775f58f9f
09-25 22:29:03 com_github_MitjaNemec_ReplicateLayout.replicate_layout 991:Dst text UUid:da058f38-b20e-41d3-a23e-195fd444151e
09-25 22:29:03 com_github_MitjaNemec_ReplicateLayout.replicate_layout 888:Replicating footprint: 'C72'
09-25 22:29:03 com_github_MitjaNemec_ReplicateLayout.replicate_layout 835:Src fp.id: '33431FA1-6EF7-44E4-BAD4-948B725D87C5'
09-25 22:29:03 com_github_MitjaNemec_ReplicateLayout.replicate_layout 839:Dst fp.id: '33431FA1-6EF7-44E4-BAD4-948B725D87C5'
09-25 22:29:03 com_github_MitjaNemec_ReplicateLayout.replicate_layout 895:found match in dst footprint: 'C74'
09-25 22:29:03 com_github_MitjaNemec_ReplicateLayout.replicate_layout 990:Src text UUid:26c10ad6-3ca8-4fb1-b1fb-40dc180ac962
09-25 22:29:03 com_github_MitjaNemec_ReplicateLayout.replicate_layout 991:Dst text UUid:d657ff49-070f-422f-be52-2bf38c540153
09-25 22:29:03 com_github_MitjaNemec_ReplicateLayout.replicate_layout 990:Src text UUid:d1d965cd-f96a-4a2c-af83-becdbecd8286
09-25 22:29:03 com_github_MitjaNemec_ReplicateLayout.replicate_layout 991:Dst text UUid:71f08010-6350-4293-a2ef-fb2349372873
09-25 22:29:03 com_github_MitjaNemec_ReplicateLayout.replicate_layout 990:Src text UUid:f8ead202-4ecd-433c-ad43-3df2d8d94a19
09-25 22:29:03 com_github_MitjaNemec_ReplicateLayout.replicate_layout 991:Dst text UUid:dcf83e31-c06d-43e5-8d0a-cdee30e407b0
09-25 22:29:03 com_github_MitjaNemec_ReplicateLayout.replicate_layout 888:Replicating footprint: 'C71'
09-25 22:29:03 com_github_MitjaNemec_ReplicateLayout.replicate_layout 835:Src fp.id: 'FB2BDC91-4932-4B00-A428-12B52E4B1B0D'
09-25 22:29:03 com_github_MitjaNemec_ReplicateLayout.replicate_layout 839:Dst fp.id: 'FB2BDC91-4932-4B00-A428-12B52E4B1B0D'
09-25 22:29:03 com_github_MitjaNemec_ReplicateLayout.replicate_layout 895:found match in dst footprint: 'C73'
09-25 22:29:03 com_github_MitjaNemec_ReplicateLayout.replicate_layout 990:Src text UUid:0ea8147f-1efa-41ae-b4a4-2e147aef7546
09-25 22:29:03 com_github_MitjaNemec_ReplicateLayout.replicate_layout 991:Dst text UUid:f2d09f91-b71d-405e-af7e-2b29bf23398f
09-25 22:29:03 com_github_MitjaNemec_ReplicateLayout.replicate_layout 990:Src text UUid:6333017e-6bde-40fe-bb75-35b7cd117139
09-25 22:29:03 com_github_MitjaNemec_ReplicateLayout.replicate_layout 991:Dst text UUid:6a623f76-a1ef-4390-aec6-0e091e24e113
09-25 22:29:03 com_github_MitjaNemec_ReplicateLayout.replicate_layout 990:Src text UUid:b5812085-b36e-40dd-877c-737e00972335
09-25 22:29:03 com_github_MitjaNemec_ReplicateLayout.replicate_layout 991:Dst text UUid:1619c8da-bc53-4a87-93ea-0f5b4bbf86b1
09-25 22:29:03 com_github_MitjaNemec_ReplicateLayout.replicate_layout 888:Replicating footprint: 'C30'
09-25 22:29:03 com_github_MitjaNemec_ReplicateLayout.replicate_layout 835:Src fp.id: '0F8BFDD4-08C3-4E66-B79B-EE70FFC03A39'
09-25 22:29:03 com_github_MitjaNemec_ReplicateLayout.replicate_layout 839:Dst fp.id: '0F8BFDD4-08C3-4E66-B79B-EE70FFC03A39'
09-25 22:29:03 com_github_MitjaNemec_ReplicateLayout.replicate_layout 895:found match in dst footprint: 'C60'
09-25 22:29:03 com_github_MitjaNemec_ReplicateLayout.replicate_layout 990:Src text UUid:5dd6b09b-2176-4f6d-a0cc-e3f7fff423c8
09-25 22:29:03 com_github_MitjaNemec_ReplicateLayout.replicate_layout 991:Dst text UUid:d28f9a56-23dd-4d86-9062-b4bfee65b332
09-25 22:29:03 com_github_MitjaNemec_ReplicateLayout.replicate_layout 990:Src text UUid:4ae32157-a704-4fee-b386-d7ee769694ea
09-25 22:29:03 com_github_MitjaNemec_ReplicateLayout.replicate_layout 991:Dst text UUid:1c3b6204-7d91-4ae4-a3be-c7879c9fed07
09-25 22:29:03 com_github_MitjaNemec_ReplicateLayout.replicate_layout 990:Src text UUid:9b5342cc-9da6-42c5-8791-1dc2b5b93a45
09-25 22:29:03 com_github_MitjaNemec_ReplicateLayout.replicate_layout 991:Dst text UUid:33fb6e48-e69a-4c9b-94b2-b63c31f9aa45
09-25 22:29:03 com_github_MitjaNemec_ReplicateLayout.replicate_layout 888:Replicating footprint: 'C28'
09-25 22:29:03 com_github_MitjaNemec_ReplicateLayout.replicate_layout 835:Src fp.id: 'E10DC68A-49C7-480C-9E7B-2D2D6BA1C2D7'
09-25 22:29:03 com_github_MitjaNemec_ReplicateLayout.replicate_layout 839:Dst fp.id: 'E10DC68A-49C7-480C-9E7B-2D2D6BA1C2D7'
09-25 22:29:03 com_github_MitjaNemec_ReplicateLayout.replicate_layout 895:found match in dst footprint: 'C58'
09-25 22:29:03 com_github_MitjaNemec_ReplicateLayout.replicate_layout 990:Src text UUid:446bff9e-bd95-4b01-9781-d32ddcd9d9c6
09-25 22:29:03 com_github_MitjaNemec_ReplicateLayout.replicate_layout 991:Dst text UUid:2a2c8e44-45dc-439a-8a04-9769c4f0615b
09-25 22:29:03 com_github_MitjaNemec_ReplicateLayout.replicate_layout 990:Src text UUid:9414edf1-b8ee-4cbf-99f7-c26ab1b9998f
09-25 22:29:03 com_github_MitjaNemec_ReplicateLayout.replicate_layout 991:Dst text UUid:694c72e2-4d03-4cc6-a3e0-691d93763529
09-25 22:29:03 com_github_MitjaNemec_ReplicateLayout.replicate_layout 990:Src text UUid:cb218c29-cd6c-4c22-b682-182afd9e07a8
09-25 22:29:03 com_github_MitjaNemec_ReplicateLayout.replicate_layout 991:Dst text UUid:05ac4ef2-8d2f-4553-a84a-ef6e2be25b94
09-25 22:29:03 com_github_MitjaNemec_ReplicateLayout.replicate_layout 888:Replicating footprint: 'C23'
09-25 22:29:03 com_github_MitjaNemec_ReplicateLayout.replicate_layout 835:Src fp.id: '8F3C9135-AF89-4556-9C84-939CE5F84559'
09-25 22:29:03 com_github_MitjaNemec_ReplicateLayout.replicate_layout 839:Dst fp.id: '8F3C9135-AF89-4556-9C84-939CE5F84559'
09-25 22:29:03 com_github_MitjaNemec_ReplicateLayout.replicate_layout 895:found match in dst footprint: 'C53'
09-25 22:29:03 com_github_MitjaNemec_ReplicateLayout.replicate_layout 990:Src text UUid:ca224dc0-c0a1-48af-9cd1-a3215c5843cc
09-25 22:29:03 com_github_MitjaNemec_ReplicateLayout.replicate_layout 991:Dst text UUid:673302d1-c0e7-46d4-a7ea-86bb8595e9a3
09-25 22:29:03 com_github_MitjaNemec_ReplicateLayout.replicate_layout 990:Src text UUid:bcc8bd76-4b8b-4c04-a303-f34d693d4880
09-25 22:29:03 com_github_MitjaNemec_ReplicateLayout.replicate_layout 991:Dst text UUid:0ed645d0-2be9-4e66-9afe-2e4528156dd1
09-25 22:29:03 com_github_MitjaNemec_ReplicateLayout.replicate_layout 990:Src text UUid:b5fa231d-a92a-4c1c-9938-63a1394f6093
09-25 22:29:03 com_github_MitjaNemec_ReplicateLayout.replicate_layout 991:Dst text UUid:7cc8299a-239f-4d8d-9c4f-dd2f5ffe908e
09-25 22:29:03 com_github_MitjaNemec_ReplicateLayout.replicate_layout 888:Replicating footprint: 'C22'
09-25 22:29:03 com_github_MitjaNemec_ReplicateLayout.replicate_layout 835:Src fp.id: '34B67A0F-838D-4BBD-9DA1-CDECDD6E15E3'
09-25 22:29:03 com_github_MitjaNemec_ReplicateLayout.replicate_layout 839:Dst fp.id: '34B67A0F-838D-4BBD-9DA1-CDECDD6E15E3'
09-25 22:29:03 com_github_MitjaNemec_ReplicateLayout.replicate_layout 895:found match in dst footprint: 'C52'
09-25 22:29:03 com_github_MitjaNemec_ReplicateLayout.replicate_layout 990:Src text UUid:f839bb7a-65db-4569-b687-01bde008fb1e
09-25 22:29:03 com_github_MitjaNemec_ReplicateLayout.replicate_layout 991:Dst text UUid:c8278734-ca85-4b09-b329-656916829872
09-25 22:29:03 com_github_MitjaNemec_ReplicateLayout.replicate_layout 990:Src text UUid:52eb90dc-d9ec-4d38-b353-f883866b5cc6
09-25 22:29:03 com_github_MitjaNemec_ReplicateLayout.replicate_layout 991:Dst text UUid:dca67869-62c9-4a55-aaad-6b87cabf3201
09-25 22:29:03 com_github_MitjaNemec_ReplicateLayout.replicate_layout 990:Src text UUid:cb0d9b04-f83e-404a-a9db-3e7bfa344a63
09-25 22:29:03 com_github_MitjaNemec_ReplicateLayout.replicate_layout 991:Dst text UUid:096e78d3-ce9f-44eb-a4e5-83d02ce7d47e
09-25 22:29:03 com_github_MitjaNemec_ReplicateLayout.replicate_layout 888:Replicating footprint: 'C66'
09-25 22:29:03 com_github_MitjaNemec_ReplicateLayout.replicate_layout 835:Src fp.id: '6C0EA973-A834-49BA-B494-51EE2B0EE511'
09-25 22:29:03 com_github_MitjaNemec_ReplicateLayout.replicate_layout 839:Dst fp.id: '6C0EA973-A834-49BA-B494-51EE2B0EE511'
09-25 22:29:03 com_github_MitjaNemec_ReplicateLayout.replicate_layout 895:found match in dst footprint: 'C68'
09-25 22:29:03 com_github_MitjaNemec_ReplicateLayout.replicate_layout 990:Src text UUid:ee7ddbe5-6dd6-4fac-b355-cee9c9bc42c0
09-25 22:29:03 com_github_MitjaNemec_ReplicateLayout.replicate_layout 991:Dst text UUid:c29248ae-e1bb-414e-ae44-69b972c1b97a
09-25 22:29:03 com_github_MitjaNemec_ReplicateLayout.replicate_layout 990:Src text UUid:0dca135b-6ea1-44d5-9cb2-53882ec77b38
09-25 22:29:03 com_github_MitjaNemec_ReplicateLayout.replicate_layout 991:Dst text UUid:2035164d-1b24-4170-9d9c-064da36f2721
09-25 22:29:03 com_github_MitjaNemec_ReplicateLayout.replicate_layout 990:Src text UUid:f0011d44-000b-462b-8542-024e0c34c757
09-25 22:29:03 com_github_MitjaNemec_ReplicateLayout.replicate_layout 991:Dst text UUid:3aa42b35-467f-4038-b9c4-3cce28e60d25
09-25 22:29:03 com_github_MitjaNemec_ReplicateLayout.replicate_layout 888:Replicating footprint: 'C65'
09-25 22:29:03 com_github_MitjaNemec_ReplicateLayout.replicate_layout 835:Src fp.id: '31172BE7-0E87-4E00-9614-A9BB30A60072'
09-25 22:29:03 com_github_MitjaNemec_ReplicateLayout.replicate_layout 839:Dst fp.id: '31172BE7-0E87-4E00-9614-A9BB30A60072'
09-25 22:29:03 com_github_MitjaNemec_ReplicateLayout.replicate_layout 895:found match in dst footprint: 'C67'
09-25 22:29:03 com_github_MitjaNemec_ReplicateLayout.replicate_layout 990:Src text UUid:d0938377-6955-47f4-9faf-2f1317812714
09-25 22:29:03 com_github_MitjaNemec_ReplicateLayout.replicate_layout 991:Dst text UUid:50b1b2f3-a49b-43ad-8e00-7096e8df5488
09-25 22:29:03 com_github_MitjaNemec_ReplicateLayout.replicate_layout 990:Src text UUid:9019f386-9cb7-4a7a-b470-21a9159a837e
09-25 22:29:03 com_github_MitjaNemec_ReplicateLayout.replicate_layout 991:Dst text UUid:fb71b08d-2ad3-4cd9-9230-87bf9133e4df
09-25 22:29:03 com_github_MitjaNemec_ReplicateLayout.replicate_layout 990:Src text UUid:f7a5fee0-4a4d-490d-acc3-aae3f7ffbac2
09-25 22:29:03 com_github_MitjaNemec_ReplicateLayout.replicate_layout 991:Dst text UUid:67719594-a0f9-4639-a519-d3e1e217e22b
09-25 22:29:03 com_github_MitjaNemec_ReplicateLayout.replicate_layout 888:Replicating footprint: 'C32'
09-25 22:29:03 com_github_MitjaNemec_ReplicateLayout.replicate_layout 835:Src fp.id: '1871B35C-9589-4519-BBBF-3F502EFBCFA7'
09-25 22:29:03 com_github_MitjaNemec_ReplicateLayout.replicate_layout 839:Dst fp.id: '1871B35C-9589-4519-BBBF-3F502EFBCFA7'
09-25 22:29:03 com_github_MitjaNemec_ReplicateLayout.replicate_layout 895:found match in dst footprint: 'C62'
09-25 22:29:03 com_github_MitjaNemec_ReplicateLayout.replicate_layout 990:Src text UUid:2f0d4395-5ac2-4cb1-ae92-31f990ca1cfa
09-25 22:29:03 com_github_MitjaNemec_ReplicateLayout.replicate_layout 991:Dst text UUid:53da801c-965f-4f90-b69f-1ef620471774
09-25 22:29:03 com_github_MitjaNemec_ReplicateLayout.replicate_layout 990:Src text UUid:01687352-35cc-41de-98f2-7940e8946b22
09-25 22:29:03 com_github_MitjaNemec_ReplicateLayout.replicate_layout 991:Dst text UUid:906232c5-ae29-4990-bda2-23ebed1f51f5
09-25 22:29:03 com_github_MitjaNemec_ReplicateLayout.replicate_layout 990:Src text UUid:2ea61867-d23f-4174-8e88-77542bd28c1e
09-25 22:29:03 com_github_MitjaNemec_ReplicateLayout.replicate_layout 991:Dst text UUid:6bdf68d6-f9be-4ad1-8d3d-d569a0a8f0bf
09-25 22:29:03 com_github_MitjaNemec_ReplicateLayout.replicate_layout 888:Replicating footprint: 'C31'
09-25 22:29:03 com_github_MitjaNemec_ReplicateLayout.replicate_layout 835:Src fp.id: '6E040FE2-FDD1-4D98-BD89-50DA49E2D392'
09-25 22:29:03 com_github_MitjaNemec_ReplicateLayout.replicate_layout 839:Dst fp.id: '6E040FE2-FDD1-4D98-BD89-50DA49E2D392'
09-25 22:29:03 com_github_MitjaNemec_ReplicateLayout.replicate_layout 895:found match in dst footprint: 'C61'
09-25 22:29:03 com_github_MitjaNemec_ReplicateLayout.replicate_layout 990:Src text UUid:41ccd0cc-f763-4268-8240-23a79715ef45
09-25 22:29:03 com_github_MitjaNemec_ReplicateLayout.replicate_layout 991:Dst text UUid:204dc8b4-73db-4193-a72f-751ef9797f3d
09-25 22:29:03 com_github_MitjaNemec_ReplicateLayout.replicate_layout 990:Src text UUid:fb347835-9079-471a-9772-df83ca6a702a
09-25 22:29:03 com_github_MitjaNemec_ReplicateLayout.replicate_layout 991:Dst text UUid:e70cfb58-eb95-4928-963c-97b95a79466d
09-25 22:29:03 com_github_MitjaNemec_ReplicateLayout.replicate_layout 990:Src text UUid:1a0df1ff-dbd0-4c2b-aea6-bb99169a6ee5
09-25 22:29:03 com_github_MitjaNemec_ReplicateLayout.replicate_layout 991:Dst text UUid:216b12c4-81d7-4cee-84c5-0671ca692fd3
09-25 22:29:03 com_github_MitjaNemec_ReplicateLayout.replicate_layout 888:Replicating footprint: 'C29'
09-25 22:29:03 com_github_MitjaNemec_ReplicateLayout.replicate_layout 835:Src fp.id: 'E676F80F-B8D8-4FC4-A5B6-2EC6A59EE015'
09-25 22:29:03 com_github_MitjaNemec_ReplicateLayout.replicate_layout 839:Dst fp.id: 'E676F80F-B8D8-4FC4-A5B6-2EC6A59EE015'
09-25 22:29:03 com_github_MitjaNemec_ReplicateLayout.replicate_layout 895:found match in dst footprint: 'C59'
09-25 22:29:03 com_github_MitjaNemec_ReplicateLayout.replicate_layout 990:Src text UUid:c4c43574-e1ea-40b7-8df3-f9530c47d738
09-25 22:29:03 com_github_MitjaNemec_ReplicateLayout.replicate_layout 991:Dst text UUid:c5057013-6b0c-4b4b-ae1b-067883e6656b
09-25 22:29:03 com_github_MitjaNemec_ReplicateLayout.replicate_layout 990:Src text UUid:37f7ba53-1df1-429c-a4ad-3a73a570fe0c
09-25 22:29:03 com_github_MitjaNemec_ReplicateLayout.replicate_layout 991:Dst text UUid:214f6989-5ba1-47d6-b164-3e5092ba20d3
09-25 22:29:03 com_github_MitjaNemec_ReplicateLayout.replicate_layout 990:Src text UUid:b569c0ed-0899-4eda-ab1f-a590c0fcbdc8
09-25 22:29:03 com_github_MitjaNemec_ReplicateLayout.replicate_layout 991:Dst text UUid:0300600f-17d1-4dec-b38e-24cbaba06a44
09-25 22:29:03 com_github_MitjaNemec_ReplicateLayout.replicate_layout 888:Replicating footprint: 'C27'
09-25 22:29:03 com_github_MitjaNemec_ReplicateLayout.replicate_layout 835:Src fp.id: '0546A77E-2ED1-47FE-A127-E7722BC9AAF7'
09-25 22:29:03 com_github_MitjaNemec_ReplicateLayout.replicate_layout 839:Dst fp.id: '0546A77E-2ED1-47FE-A127-E7722BC9AAF7'
09-25 22:29:03 com_github_MitjaNemec_ReplicateLayout.replicate_layout 895:found match in dst footprint: 'C57'
09-25 22:29:03 com_github_MitjaNemec_ReplicateLayout.replicate_layout 990:Src text UUid:9ff5496e-a2df-47fe-b297-29f2f1842636
09-25 22:29:03 com_github_MitjaNemec_ReplicateLayout.replicate_layout 991:Dst text UUid:c4dc9b17-ea5c-4df1-9862-aa6be84f9b6a
09-25 22:29:03 com_github_MitjaNemec_ReplicateLayout.replicate_layout 990:Src text UUid:0d32c06e-6a3d-4863-9068-0da8b4fb10e8
09-25 22:29:03 com_github_MitjaNemec_ReplicateLayout.replicate_layout 991:Dst text UUid:64a785cf-6ac1-4537-a2c4-951d63454f96
09-25 22:29:03 com_github_MitjaNemec_ReplicateLayout.replicate_layout 990:Src text UUid:26de9fcb-3481-4a58-abc5-43b99d6d2d61
09-25 22:29:03 com_github_MitjaNemec_ReplicateLayout.replicate_layout 991:Dst text UUid:d9e8c234-e4a9-4108-9b94-5f779b499549
09-25 22:29:03 com_github_MitjaNemec_ReplicateLayout.replicate_layout 888:Replicating footprint: 'C26'
09-25 22:29:03 com_github_MitjaNemec_ReplicateLayout.replicate_layout 835:Src fp.id: 'AE09187A-7005-428E-81B7-6F0C4B05F769'
09-25 22:29:03 com_github_MitjaNemec_ReplicateLayout.replicate_layout 839:Dst fp.id: 'AE09187A-7005-428E-81B7-6F0C4B05F769'
09-25 22:29:03 com_github_MitjaNemec_ReplicateLayout.replicate_layout 895:found match in dst footprint: 'C56'
09-25 22:29:03 com_github_MitjaNemec_ReplicateLayout.replicate_layout 990:Src text UUid:0871ef10-14a0-4f56-9e70-570b1b0e7231
09-25 22:29:03 com_github_MitjaNemec_ReplicateLayout.replicate_layout 991:Dst text UUid:1d45db71-d326-4441-9a27-3b3b1e7d0663
09-25 22:29:03 com_github_MitjaNemec_ReplicateLayout.replicate_layout 990:Src text UUid:09ea75db-c5d9-4605-93e8-a14052603497
09-25 22:29:03 com_github_MitjaNemec_ReplicateLayout.replicate_layout 991:Dst text UUid:1ea1531f-b18e-41a5-8aba-4d1a14722aef
09-25 22:29:03 com_github_MitjaNemec_ReplicateLayout.replicate_layout 990:Src text UUid:15f23247-760b-4cf0-beff-4b78e38c5bc8
09-25 22:29:03 com_github_MitjaNemec_ReplicateLayout.replicate_layout 991:Dst text UUid:0d42f5b7-6d71-4114-bb98-685040c3da53
09-25 22:29:03 com_github_MitjaNemec_ReplicateLayout.replicate_layout 888:Replicating footprint: 'C25'
09-25 22:29:03 com_github_MitjaNemec_ReplicateLayout.replicate_layout 835:Src fp.id: '7CEA9751-FDF0-415B-9AB6-AB869A66812B'
09-25 22:29:03 com_github_MitjaNemec_ReplicateLayout.replicate_layout 839:Dst fp.id: '7CEA9751-FDF0-415B-9AB6-AB869A66812B'
09-25 22:29:03 com_github_MitjaNemec_ReplicateLayout.replicate_layout 895:found match in dst footprint: 'C55'
09-25 22:29:03 com_github_MitjaNemec_ReplicateLayout.replicate_layout 990:Src text UUid:92303e1e-a77e-4622-9c59-b3fb25da015a
09-25 22:29:03 com_github_MitjaNemec_ReplicateLayout.replicate_layout 991:Dst text UUid:07e51cb2-569f-44df-8a21-de80b9731d5e
09-25 22:29:03 com_github_MitjaNemec_ReplicateLayout.replicate_layout 990:Src text UUid:cd75eb86-ffd6-43ac-9500-184dc1772435
09-25 22:29:03 com_github_MitjaNemec_ReplicateLayout.replicate_layout 991:Dst text UUid:c93b4e5a-28d0-4ba1-be02-9618246226b6
09-25 22:29:03 com_github_MitjaNemec_ReplicateLayout.replicate_layout 990:Src text UUid:bd421f92-d698-4bb1-adb0-b578f3833abb
09-25 22:29:03 com_github_MitjaNemec_ReplicateLayout.replicate_layout 991:Dst text UUid:0948726b-204d-4d0a-8519-1566e7b7eb6b
09-25 22:29:03 com_github_MitjaNemec_ReplicateLayout.replicate_layout 888:Replicating footprint: 'C24'
09-25 22:29:03 com_github_MitjaNemec_ReplicateLayout.replicate_layout 835:Src fp.id: '6A1104E4-E69F-47D4-8387-E698ED2B70BF'
09-25 22:29:03 com_github_MitjaNemec_ReplicateLayout.replicate_layout 839:Dst fp.id: '6A1104E4-E69F-47D4-8387-E698ED2B70BF'
09-25 22:29:03 com_github_MitjaNemec_ReplicateLayout.replicate_layout 895:found match in dst footprint: 'C54'
09-25 22:29:03 com_github_MitjaNemec_ReplicateLayout.replicate_layout 990:Src text UUid:5b59345d-b413-4dcc-9cad-382c087c0dfe
09-25 22:29:03 com_github_MitjaNemec_ReplicateLayout.replicate_layout 991:Dst text UUid:7543f9ae-23e4-4f4e-822b-df1e362c533d
09-25 22:29:03 com_github_MitjaNemec_ReplicateLayout.replicate_layout 990:Src text UUid:564a5d73-456a-45ad-b874-37f66fde2f7b
09-25 22:29:03 com_github_MitjaNemec_ReplicateLayout.replicate_layout 991:Dst text UUid:449b10a4-01e9-4c83-9a08-6ecc3e0bceef
09-25 22:29:03 com_github_MitjaNemec_ReplicateLayout.replicate_layout 990:Src text UUid:95857fff-e27b-43d3-bcca-04cced921571
09-25 22:29:03 com_github_MitjaNemec_ReplicateLayout.replicate_layout 991:Dst text UUid:a3e1fcb1-66a6-48c4-91ed-649d38dcbbf7
09-25 22:29:03 com_github_MitjaNemec_ReplicateLayout.replicate_layout 888:Replicating footprint: 'IC4'
09-25 22:29:03 com_github_MitjaNemec_ReplicateLayout.replicate_layout 835:Src fp.id: 'BCC186B3-3CAF-410A-BAD0-450ED99C1DFA'
09-25 22:29:03 com_github_MitjaNemec_ReplicateLayout.replicate_layout 839:Dst fp.id: 'BCC186B3-3CAF-410A-BAD0-450ED99C1DFA'
09-25 22:29:03 com_github_MitjaNemec_ReplicateLayout.replicate_layout 895:found match in dst footprint: 'IC6'
09-25 22:29:03 com_github_MitjaNemec_ReplicateLayout.replicate_layout 990:Src text UUid:4fb78f96-11f6-464a-b10e-1d61f9075ecd
09-25 22:29:03 com_github_MitjaNemec_ReplicateLayout.replicate_layout 991:Dst text UUid:97db0731-5a53-4a1d-a822-e280a927df02
09-25 22:29:03 com_github_MitjaNemec_ReplicateLayout.replicate_layout 990:Src text UUid:e9e160cc-a693-436b-8be8-ac854a0b886a
09-25 22:29:03 com_github_MitjaNemec_ReplicateLayout.replicate_layout 991:Dst text UUid:df995c0f-0e9a-4996-8aee-14f6187cfd74
09-25 22:29:03 com_github_MitjaNemec_ReplicateLayout.replicate_layout 990:Src text UUid:65186843-f946-4a40-abe1-a3c989f2be0f
09-25 22:29:03 com_github_MitjaNemec_ReplicateLayout.replicate_layout 991:Dst text UUid:f5b3e090-fb99-4bb6-8f9c-a167ddd7c8b5
09-25 22:29:03 com_github_MitjaNemec_ReplicateLayout.replicate_layout 870:Replicating footprints on sheet ['/Trigger Circuitry/', '/Trigger Circuitry/High Speed Comparator/']
09-25 22:29:03 com_github_MitjaNemec_ReplicateLayout.replicate_layout 835:Src fp.id: 'BCC186B3-3CAF-410A-BAD0-450ED99C1DFA'
09-25 22:29:03 com_github_MitjaNemec_ReplicateLayout.replicate_layout 839:Dst fp.id: 'BCC186B3-3CAF-410A-BAD0-450ED99C1DFA'
09-25 22:29:03 com_github_MitjaNemec_ReplicateLayout.replicate_layout 888:Replicating footprint: 'C76'
09-25 22:29:03 com_github_MitjaNemec_ReplicateLayout.replicate_layout 835:Src fp.id: 'C53DDC2E-BCE8-4187-8D59-FF87E03DC75E'
09-25 22:29:03 com_github_MitjaNemec_ReplicateLayout.replicate_layout 839:Dst fp.id: 'C53DDC2E-BCE8-4187-8D59-FF87E03DC75E'
09-25 22:29:03 com_github_MitjaNemec_ReplicateLayout.replicate_layout 895:found match in dst footprint: 'C75'
09-25 22:29:03 com_github_MitjaNemec_ReplicateLayout.replicate_layout 990:Src text UUid:0933171a-928b-4bf1-9e2e-670882b7f196
09-25 22:29:03 com_github_MitjaNemec_ReplicateLayout.replicate_layout 991:Dst text UUid:a8e2b77d-3983-49ff-9193-9c2b76918954
09-25 22:29:03 com_github_MitjaNemec_ReplicateLayout.replicate_layout 990:Src text UUid:4701ad49-e0f3-49f3-b095-850a6e1b204b
09-25 22:29:03 com_github_MitjaNemec_ReplicateLayout.replicate_layout 991:Dst text UUid:c5f1112c-27af-48a7-bc59-b17ac2c3d59e
09-25 22:29:03 com_github_MitjaNemec_ReplicateLayout.replicate_layout 990:Src text UUid:6b35ecbc-6c00-4d28-af32-fd409917a073
09-25 22:29:03 com_github_MitjaNemec_ReplicateLayout.replicate_layout 991:Dst text UUid:eb8b2b69-85dc-4ad7-b96d-ea04770f7698
09-25 22:29:03 com_github_MitjaNemec_ReplicateLayout.replicate_layout 888:Replicating footprint: 'R26'
09-25 22:29:03 com_github_MitjaNemec_ReplicateLayout.replicate_layout 835:Src fp.id: '05C554AC-0CB2-48CE-BBC3-259AF467B085'
09-25 22:29:03 com_github_MitjaNemec_ReplicateLayout.replicate_layout 839:Dst fp.id: '05C554AC-0CB2-48CE-BBC3-259AF467B085'
09-25 22:29:03 com_github_MitjaNemec_ReplicateLayout.replicate_layout 895:found match in dst footprint: 'R11'
09-25 22:29:03 com_github_MitjaNemec_ReplicateLayout.replicate_layout 990:Src text UUid:77ececfa-b295-44a7-b54b-1382518329f8
09-25 22:29:03 com_github_MitjaNemec_ReplicateLayout.replicate_layout 991:Dst text UUid:9f185388-1dc0-4a14-b20c-2c30b11b3751
09-25 22:29:03 com_github_MitjaNemec_ReplicateLayout.replicate_layout 990:Src text UUid:b9dfc8e9-8a5e-40ef-97f5-0ba0e5ad05eb
09-25 22:29:03 com_github_MitjaNemec_ReplicateLayout.replicate_layout 991:Dst text UUid:a88ec79f-92ba-4499-b1bd-d69df901b633
09-25 22:29:03 com_github_MitjaNemec_ReplicateLayout.replicate_layout 990:Src text UUid:46971ffc-7f6e-47d4-a655-c1d7dceb8174
09-25 22:29:03 com_github_MitjaNemec_ReplicateLayout.replicate_layout 991:Dst text UUid:8159cb2d-e95e-43a5-bb5a-3badea540b31
09-25 22:29:03 com_github_MitjaNemec_ReplicateLayout.replicate_layout 888:Replicating footprint: 'R25'
09-25 22:29:03 com_github_MitjaNemec_ReplicateLayout.replicate_layout 835:Src fp.id: 'C3D81342-AC47-4E01-B06F-75B2FDC01C8C'
09-25 22:29:03 com_github_MitjaNemec_ReplicateLayout.replicate_layout 839:Dst fp.id: 'C3D81342-AC47-4E01-B06F-75B2FDC01C8C'
09-25 22:29:03 com_github_MitjaNemec_ReplicateLayout.replicate_layout 895:found match in dst footprint: 'R10'
09-25 22:29:03 com_github_MitjaNemec_ReplicateLayout.replicate_layout 990:Src text UUid:f2374cd1-6693-471f-8536-9758d0941900
09-25 22:29:03 com_github_MitjaNemec_ReplicateLayout.replicate_layout 991:Dst text UUid:14417db0-da61-470f-bfaa-2f2532b1edb1
09-25 22:29:03 com_github_MitjaNemec_ReplicateLayout.replicate_layout 990:Src text UUid:b43da4c5-b024-492b-a587-a5e56488484c
09-25 22:29:03 com_github_MitjaNemec_ReplicateLayout.replicate_layout 991:Dst text UUid:b55ddea3-ff1e-480d-bc40-6dd97226bbc2
09-25 22:29:03 com_github_MitjaNemec_ReplicateLayout.replicate_layout 990:Src text UUid:f47626da-f3fb-4e7c-8387-22b09f1b2b86
09-25 22:29:03 com_github_MitjaNemec_ReplicateLayout.replicate_layout 991:Dst text UUid:9ea1a015-a437-4b98-8958-69da210ed78c
09-25 22:29:03 com_github_MitjaNemec_ReplicateLayout.replicate_layout 888:Replicating footprint: 'R24'
09-25 22:29:03 com_github_MitjaNemec_ReplicateLayout.replicate_layout 835:Src fp.id: 'D337B9E3-EE04-4E2E-A73C-7129FED0B84E'
09-25 22:29:03 com_github_MitjaNemec_ReplicateLayout.replicate_layout 839:Dst fp.id: 'D337B9E3-EE04-4E2E-A73C-7129FED0B84E'
09-25 22:29:03 com_github_MitjaNemec_ReplicateLayout.replicate_layout 895:found match in dst footprint: 'R9'
09-25 22:29:03 com_github_MitjaNemec_ReplicateLayout.replicate_layout 990:Src text UUid:9fd8285b-d1db-4b5f-ab41-139e16551fe7
09-25 22:29:03 com_github_MitjaNemec_ReplicateLayout.replicate_layout 991:Dst text UUid:22c082ed-fff9-4558-92c4-f17afcf7a407
09-25 22:29:03 com_github_MitjaNemec_ReplicateLayout.replicate_layout 990:Src text UUid:eb13ae24-b9ca-452f-ab07-7badd0891aef
09-25 22:29:03 com_github_MitjaNemec_ReplicateLayout.replicate_layout 991:Dst text UUid:4ff56313-4e49-4b9f-bc4f-5ceaf2b49aa9
09-25 22:29:03 com_github_MitjaNemec_ReplicateLayout.replicate_layout 990:Src text UUid:14fe3b9c-7437-439d-a754-0b1d951f0c0c
09-25 22:29:03 com_github_MitjaNemec_ReplicateLayout.replicate_layout 991:Dst text UUid:a4dd8b18-a473-44c8-990e-62a210f7cd5e
09-25 22:29:03 com_github_MitjaNemec_ReplicateLayout.replicate_layout 888:Replicating footprint: 'R23'
09-25 22:29:03 com_github_MitjaNemec_ReplicateLayout.replicate_layout 835:Src fp.id: '045F58F0-0B7A-4706-84F1-EBD9822B48AF'
09-25 22:29:03 com_github_MitjaNemec_ReplicateLayout.replicate_layout 839:Dst fp.id: '045F58F0-0B7A-4706-84F1-EBD9822B48AF'
09-25 22:29:03 com_github_MitjaNemec_ReplicateLayout.replicate_layout 895:found match in dst footprint: 'R8'
09-25 22:29:03 com_github_MitjaNemec_ReplicateLayout.replicate_layout 990:Src text UUid:bff03bbd-3c9b-42da-84c8-71ffd37b2cba
09-25 22:29:03 com_github_MitjaNemec_ReplicateLayout.replicate_layout 991:Dst text UUid:2d0fc18b-1b8c-4682-a7aa-373208ada0e6
09-25 22:29:03 com_github_MitjaNemec_ReplicateLayout.replicate_layout 990:Src text UUid:27bb0ac5-a79b-4955-8fb0-dd378b39430f
09-25 22:29:03 com_github_MitjaNemec_ReplicateLayout.replicate_layout 991:Dst text UUid:c0f38ee6-8cce-4c32-851f-7e2604e74d10
09-25 22:29:03 com_github_MitjaNemec_ReplicateLayout.replicate_layout 990:Src text UUid:edc11ab3-24ef-407f-8a77-6342b38b03c9
09-25 22:29:03 com_github_MitjaNemec_ReplicateLayout.replicate_layout 991:Dst text UUid:bb601d10-902d-4f2d-b303-ee35b59d5cc8
09-25 22:29:03 com_github_MitjaNemec_ReplicateLayout.replicate_layout 888:Replicating footprint: 'R22'
09-25 22:29:03 com_github_MitjaNemec_ReplicateLayout.replicate_layout 835:Src fp.id: '051063BD-B7F2-499C-8EBA-3D72492D9E41'
09-25 22:29:03 com_github_MitjaNemec_ReplicateLayout.replicate_layout 839:Dst fp.id: '051063BD-B7F2-499C-8EBA-3D72492D9E41'
09-25 22:29:03 com_github_MitjaNemec_ReplicateLayout.replicate_layout 895:found match in dst footprint: 'R7'
09-25 22:29:03 com_github_MitjaNemec_ReplicateLayout.replicate_layout 990:Src text UUid:79cb2c95-f148-4039-93a3-73a8227b4318
09-25 22:29:03 com_github_MitjaNemec_ReplicateLayout.replicate_layout 991:Dst text UUid:dcebafe6-b52f-42c3-8cf4-92eea65dacdb
09-25 22:29:03 com_github_MitjaNemec_ReplicateLayout.replicate_layout 990:Src text UUid:e9f3a8c0-5dc9-46ec-a6de-77926833435c
09-25 22:29:03 com_github_MitjaNemec_ReplicateLayout.replicate_layout 991:Dst text UUid:e40a5a24-05a9-415c-b72f-ffc0e433f210
09-25 22:29:03 com_github_MitjaNemec_ReplicateLayout.replicate_layout 990:Src text UUid:15bfb567-5902-4984-8d03-040600a0f8bf
09-25 22:29:03 com_github_MitjaNemec_ReplicateLayout.replicate_layout 991:Dst text UUid:4b6ab025-1efe-4364-9aaa-c8f783bcd306
09-25 22:29:03 com_github_MitjaNemec_ReplicateLayout.replicate_layout 888:Replicating footprint: 'R21'
09-25 22:29:03 com_github_MitjaNemec_ReplicateLayout.replicate_layout 835:Src fp.id: '2D7D0D6B-06C8-4C4F-B58A-D9BF4C124087'
09-25 22:29:03 com_github_MitjaNemec_ReplicateLayout.replicate_layout 839:Dst fp.id: '2D7D0D6B-06C8-4C4F-B58A-D9BF4C124087'
09-25 22:29:03 com_github_MitjaNemec_ReplicateLayout.replicate_layout 895:found match in dst footprint: 'R6'
09-25 22:29:03 com_github_MitjaNemec_ReplicateLayout.replicate_layout 990:Src text UUid:ca97f674-46ee-437e-9f6c-5eae065b8232
09-25 22:29:03 com_github_MitjaNemec_ReplicateLayout.replicate_layout 991:Dst text UUid:4f35ab7c-4fef-4b88-8615-a4327b67d9e4
09-25 22:29:03 com_github_MitjaNemec_ReplicateLayout.replicate_layout 990:Src text UUid:2f629502-3be3-415e-b042-2a8fad9b5da7
09-25 22:29:03 com_github_MitjaNemec_ReplicateLayout.replicate_layout 991:Dst text UUid:6d5a32a1-d5f8-4004-a763-1516c77a5d59
09-25 22:29:03 com_github_MitjaNemec_ReplicateLayout.replicate_layout 990:Src text UUid:8a15dc88-c9d7-457b-952d-18c6df44649d
09-25 22:29:03 com_github_MitjaNemec_ReplicateLayout.replicate_layout 991:Dst text UUid:a96259b8-21a7-411b-986d-721ac6e09241
09-25 22:29:03 com_github_MitjaNemec_ReplicateLayout.replicate_layout 888:Replicating footprint: 'R20'
09-25 22:29:03 com_github_MitjaNemec_ReplicateLayout.replicate_layout 835:Src fp.id: '76344068-CC8C-46A3-9CC0-20C374E419E7'
09-25 22:29:03 com_github_MitjaNemec_ReplicateLayout.replicate_layout 839:Dst fp.id: '76344068-CC8C-46A3-9CC0-20C374E419E7'
09-25 22:29:03 com_github_MitjaNemec_ReplicateLayout.replicate_layout 895:found match in dst footprint: 'R5'
09-25 22:29:03 com_github_MitjaNemec_ReplicateLayout.replicate_layout 990:Src text UUid:b6623c00-c250-460a-ac7c-39a36f50e3b3
09-25 22:29:03 com_github_MitjaNemec_ReplicateLayout.replicate_layout 991:Dst text UUid:11a25f4b-8610-4250-8df0-e7b94fb0dcc8
09-25 22:29:03 com_github_MitjaNemec_ReplicateLayout.replicate_layout 990:Src text UUid:19c9562b-26cf-4c99-84c3-e72b32ec3e38
09-25 22:29:03 com_github_MitjaNemec_ReplicateLayout.replicate_layout 991:Dst text UUid:f948552e-25c4-4906-8286-9c8638778cd5
09-25 22:29:03 com_github_MitjaNemec_ReplicateLayout.replicate_layout 990:Src text UUid:d78db316-a6e6-4fd7-bf80-67a775f58f9f
09-25 22:29:03 com_github_MitjaNemec_ReplicateLayout.replicate_layout 991:Dst text UUid:9f6cf472-0d8b-48a1-839a-345954472ff8
09-25 22:29:03 com_github_MitjaNemec_ReplicateLayout.replicate_layout 888:Replicating footprint: 'C72'
09-25 22:29:03 root 345:updating GUI with: 68
09-25 22:29:03 com_github_MitjaNemec_ReplicateLayout.replicate_layout 835:Src fp.id: '33431FA1-6EF7-44E4-BAD4-948B725D87C5'
09-25 22:29:03 com_github_MitjaNemec_ReplicateLayout.replicate_layout 839:Dst fp.id: '33431FA1-6EF7-44E4-BAD4-948B725D87C5'
09-25 22:29:03 com_github_MitjaNemec_ReplicateLayout.replicate_layout 895:found match in dst footprint: 'C70'
09-25 22:29:03 com_github_MitjaNemec_ReplicateLayout.replicate_layout 990:Src text UUid:26c10ad6-3ca8-4fb1-b1fb-40dc180ac962
09-25 22:29:03 com_github_MitjaNemec_ReplicateLayout.replicate_layout 991:Dst text UUid:b96e33ae-77ab-44e4-b8f1-23c5cd39aac0
09-25 22:29:03 com_github_MitjaNemec_ReplicateLayout.replicate_layout 990:Src text UUid:d1d965cd-f96a-4a2c-af83-becdbecd8286
09-25 22:29:03 com_github_MitjaNemec_ReplicateLayout.replicate_layout 991:Dst text UUid:e76108cb-4f0a-4660-91cc-465d451bcd8f
09-25 22:29:03 com_github_MitjaNemec_ReplicateLayout.replicate_layout 990:Src text UUid:f8ead202-4ecd-433c-ad43-3df2d8d94a19
09-25 22:29:03 com_github_MitjaNemec_ReplicateLayout.replicate_layout 991:Dst text UUid:5d468d35-3031-4a94-8dc5-7762764d9987
09-25 22:29:03 com_github_MitjaNemec_ReplicateLayout.replicate_layout 888:Replicating footprint: 'C71'
09-25 22:29:03 com_github_MitjaNemec_ReplicateLayout.replicate_layout 835:Src fp.id: 'FB2BDC91-4932-4B00-A428-12B52E4B1B0D'
09-25 22:29:03 com_github_MitjaNemec_ReplicateLayout.replicate_layout 839:Dst fp.id: 'FB2BDC91-4932-4B00-A428-12B52E4B1B0D'
09-25 22:29:03 com_github_MitjaNemec_ReplicateLayout.replicate_layout 895:found match in dst footprint: 'C69'
09-25 22:29:03 com_github_MitjaNemec_ReplicateLayout.replicate_layout 990:Src text UUid:0ea8147f-1efa-41ae-b4a4-2e147aef7546
09-25 22:29:03 com_github_MitjaNemec_ReplicateLayout.replicate_layout 991:Dst text UUid:62a012ea-5946-4773-81f2-d7d59b4e8af9
09-25 22:29:03 com_github_MitjaNemec_ReplicateLayout.replicate_layout 990:Src text UUid:6333017e-6bde-40fe-bb75-35b7cd117139
09-25 22:29:03 com_github_MitjaNemec_ReplicateLayout.replicate_layout 991:Dst text UUid:f040e55a-f68f-4670-9cf4-ae94faeb57d6
09-25 22:29:03 com_github_MitjaNemec_ReplicateLayout.replicate_layout 990:Src text UUid:b5812085-b36e-40dd-877c-737e00972335
09-25 22:29:03 com_github_MitjaNemec_ReplicateLayout.replicate_layout 991:Dst text UUid:58fcfd6a-336b-49c2-85e6-44ca6da97099
09-25 22:29:03 com_github_MitjaNemec_ReplicateLayout.replicate_layout 888:Replicating footprint: 'C30'
09-25 22:29:03 com_github_MitjaNemec_ReplicateLayout.replicate_layout 835:Src fp.id: '0F8BFDD4-08C3-4E66-B79B-EE70FFC03A39'
09-25 22:29:03 com_github_MitjaNemec_ReplicateLayout.replicate_layout 839:Dst fp.id: '0F8BFDD4-08C3-4E66-B79B-EE70FFC03A39'
09-25 22:29:03 com_github_MitjaNemec_ReplicateLayout.replicate_layout 895:found match in dst footprint: 'C17'
09-25 22:29:03 com_github_MitjaNemec_ReplicateLayout.replicate_layout 990:Src text UUid:5dd6b09b-2176-4f6d-a0cc-e3f7fff423c8
09-25 22:29:03 com_github_MitjaNemec_ReplicateLayout.replicate_layout 991:Dst text UUid:4d212445-3de7-4b29-ba3b-5e8804130178
09-25 22:29:03 com_github_MitjaNemec_ReplicateLayout.replicate_layout 990:Src text UUid:4ae32157-a704-4fee-b386-d7ee769694ea
09-25 22:29:03 com_github_MitjaNemec_ReplicateLayout.replicate_layout 991:Dst text UUid:1debc1c8-021c-4e40-bbb7-05c0841fdae7
09-25 22:29:03 com_github_MitjaNemec_ReplicateLayout.replicate_layout 990:Src text UUid:9b5342cc-9da6-42c5-8791-1dc2b5b93a45
09-25 22:29:03 com_github_MitjaNemec_ReplicateLayout.replicate_layout 991:Dst text UUid:1d7cbff2-a986-4ad6-9bdc-44eb8f29e6e8
09-25 22:29:03 com_github_MitjaNemec_ReplicateLayout.replicate_layout 888:Replicating footprint: 'C28'
09-25 22:29:03 com_github_MitjaNemec_ReplicateLayout.replicate_layout 835:Src fp.id: 'E10DC68A-49C7-480C-9E7B-2D2D6BA1C2D7'
09-25 22:29:03 com_github_MitjaNemec_ReplicateLayout.replicate_layout 839:Dst fp.id: 'E10DC68A-49C7-480C-9E7B-2D2D6BA1C2D7'
09-25 22:29:03 com_github_MitjaNemec_ReplicateLayout.replicate_layout 895:found match in dst footprint: 'C15'
09-25 22:29:03 com_github_MitjaNemec_ReplicateLayout.replicate_layout 990:Src text UUid:446bff9e-bd95-4b01-9781-d32ddcd9d9c6
09-25 22:29:03 com_github_MitjaNemec_ReplicateLayout.replicate_layout 991:Dst text UUid:c4da4437-524c-4725-af1a-2dd4126647b3
09-25 22:29:03 com_github_MitjaNemec_ReplicateLayout.replicate_layout 990:Src text UUid:9414edf1-b8ee-4cbf-99f7-c26ab1b9998f
09-25 22:29:03 com_github_MitjaNemec_ReplicateLayout.replicate_layout 991:Dst text UUid:da65aae3-d7a4-4e31-b2a5-ef21d0976b5e
09-25 22:29:03 com_github_MitjaNemec_ReplicateLayout.replicate_layout 990:Src text UUid:cb218c29-cd6c-4c22-b682-182afd9e07a8
09-25 22:29:03 com_github_MitjaNemec_ReplicateLayout.replicate_layout 991:Dst text UUid:06c4598c-c6e1-4e88-8e47-fca196564ecb
09-25 22:29:03 com_github_MitjaNemec_ReplicateLayout.replicate_layout 888:Replicating footprint: 'C23'
09-25 22:29:03 com_github_MitjaNemec_ReplicateLayout.replicate_layout 835:Src fp.id: '8F3C9135-AF89-4556-9C84-939CE5F84559'
09-25 22:29:03 com_github_MitjaNemec_ReplicateLayout.replicate_layout 839:Dst fp.id: '8F3C9135-AF89-4556-9C84-939CE5F84559'
09-25 22:29:03 com_github_MitjaNemec_ReplicateLayout.replicate_layout 895:found match in dst footprint: 'C10'
09-25 22:29:03 com_github_MitjaNemec_ReplicateLayout.replicate_layout 990:Src text UUid:ca224dc0-c0a1-48af-9cd1-a3215c5843cc
09-25 22:29:03 com_github_MitjaNemec_ReplicateLayout.replicate_layout 991:Dst text UUid:86d8aa28-a7a3-4611-83c1-7379bbc365c1
09-25 22:29:03 com_github_MitjaNemec_ReplicateLayout.replicate_layout 990:Src text UUid:bcc8bd76-4b8b-4c04-a303-f34d693d4880
09-25 22:29:03 com_github_MitjaNemec_ReplicateLayout.replicate_layout 991:Dst text UUid:d0404e8e-8cc8-4a5f-bbd2-7845bbb8290b
09-25 22:29:03 com_github_MitjaNemec_ReplicateLayout.replicate_layout 990:Src text UUid:b5fa231d-a92a-4c1c-9938-63a1394f6093
09-25 22:29:03 com_github_MitjaNemec_ReplicateLayout.replicate_layout 991:Dst text UUid:4932d330-2a7d-46be-b192-9bf460c03c19
09-25 22:29:03 com_github_MitjaNemec_ReplicateLayout.replicate_layout 888:Replicating footprint: 'C22'
09-25 22:29:03 com_github_MitjaNemec_ReplicateLayout.replicate_layout 835:Src fp.id: '34B67A0F-838D-4BBD-9DA1-CDECDD6E15E3'
09-25 22:29:03 com_github_MitjaNemec_ReplicateLayout.replicate_layout 839:Dst fp.id: '34B67A0F-838D-4BBD-9DA1-CDECDD6E15E3'
09-25 22:29:03 com_github_MitjaNemec_ReplicateLayout.replicate_layout 895:found match in dst footprint: 'C9'
09-25 22:29:03 com_github_MitjaNemec_ReplicateLayout.replicate_layout 990:Src text UUid:f839bb7a-65db-4569-b687-01bde008fb1e
09-25 22:29:03 com_github_MitjaNemec_ReplicateLayout.replicate_layout 991:Dst text UUid:2e139f56-b16a-41f8-8855-3d7f125379eb
09-25 22:29:03 com_github_MitjaNemec_ReplicateLayout.replicate_layout 990:Src text UUid:52eb90dc-d9ec-4d38-b353-f883866b5cc6
09-25 22:29:03 com_github_MitjaNemec_ReplicateLayout.replicate_layout 991:Dst text UUid:2605c5e4-d4fb-40ac-9bf1-ca0c23ce8ece
09-25 22:29:03 com_github_MitjaNemec_ReplicateLayout.replicate_layout 990:Src text UUid:cb0d9b04-f83e-404a-a9db-3e7bfa344a63
09-25 22:29:03 com_github_MitjaNemec_ReplicateLayout.replicate_layout 991:Dst text UUid:0ba50e8b-a423-45b7-9b8d-5bab3be60202
09-25 22:29:03 com_github_MitjaNemec_ReplicateLayout.replicate_layout 888:Replicating footprint: 'C66'
09-25 22:29:03 com_github_MitjaNemec_ReplicateLayout.replicate_layout 835:Src fp.id: '6C0EA973-A834-49BA-B494-51EE2B0EE511'
09-25 22:29:03 com_github_MitjaNemec_ReplicateLayout.replicate_layout 839:Dst fp.id: '6C0EA973-A834-49BA-B494-51EE2B0EE511'
09-25 22:29:03 com_github_MitjaNemec_ReplicateLayout.replicate_layout 895:found match in dst footprint: 'C64'
09-25 22:29:03 com_github_MitjaNemec_ReplicateLayout.replicate_layout 990:Src text UUid:ee7ddbe5-6dd6-4fac-b355-cee9c9bc42c0
09-25 22:29:03 com_github_MitjaNemec_ReplicateLayout.replicate_layout 991:Dst text UUid:f471b9dc-c417-49c6-bc69-7c51b339cc8a
09-25 22:29:03 com_github_MitjaNemec_ReplicateLayout.replicate_layout 990:Src text UUid:0dca135b-6ea1-44d5-9cb2-53882ec77b38
09-25 22:29:03 com_github_MitjaNemec_ReplicateLayout.replicate_layout 991:Dst text UUid:0bc02395-3d39-4750-8ac6-4b46a7e6d394
09-25 22:29:03 com_github_MitjaNemec_ReplicateLayout.replicate_layout 990:Src text UUid:f0011d44-000b-462b-8542-024e0c34c757
09-25 22:29:03 com_github_MitjaNemec_ReplicateLayout.replicate_layout 991:Dst text UUid:84854704-b272-4dc9-83ee-b9da49888ada
09-25 22:29:03 com_github_MitjaNemec_ReplicateLayout.replicate_layout 888:Replicating footprint: 'C65'
09-25 22:29:03 com_github_MitjaNemec_ReplicateLayout.replicate_layout 835:Src fp.id: '31172BE7-0E87-4E00-9614-A9BB30A60072'
09-25 22:29:03 com_github_MitjaNemec_ReplicateLayout.replicate_layout 839:Dst fp.id: '31172BE7-0E87-4E00-9614-A9BB30A60072'
09-25 22:29:03 com_github_MitjaNemec_ReplicateLayout.replicate_layout 895:found match in dst footprint: 'C63'
09-25 22:29:03 com_github_MitjaNemec_ReplicateLayout.replicate_layout 990:Src text UUid:d0938377-6955-47f4-9faf-2f1317812714
09-25 22:29:03 com_github_MitjaNemec_ReplicateLayout.replicate_layout 991:Dst text UUid:94f54ddb-58c8-4628-876e-66ea6fa66689
09-25 22:29:03 com_github_MitjaNemec_ReplicateLayout.replicate_layout 990:Src text UUid:9019f386-9cb7-4a7a-b470-21a9159a837e
09-25 22:29:03 com_github_MitjaNemec_ReplicateLayout.replicate_layout 991:Dst text UUid:95e97595-46b4-42d3-8b5c-6e0cd4f589c1
09-25 22:29:03 com_github_MitjaNemec_ReplicateLayout.replicate_layout 990:Src text UUid:f7a5fee0-4a4d-490d-acc3-aae3f7ffbac2
09-25 22:29:03 com_github_MitjaNemec_ReplicateLayout.replicate_layout 991:Dst text UUid:f5a7001b-4fce-42bd-a474-df56e4c3959c
09-25 22:29:03 com_github_MitjaNemec_ReplicateLayout.replicate_layout 888:Replicating footprint: 'C32'
09-25 22:29:03 com_github_MitjaNemec_ReplicateLayout.replicate_layout 835:Src fp.id: '1871B35C-9589-4519-BBBF-3F502EFBCFA7'
09-25 22:29:03 com_github_MitjaNemec_ReplicateLayout.replicate_layout 839:Dst fp.id: '1871B35C-9589-4519-BBBF-3F502EFBCFA7'
09-25 22:29:03 com_github_MitjaNemec_ReplicateLayout.replicate_layout 895:found match in dst footprint: 'C19'
09-25 22:29:03 com_github_MitjaNemec_ReplicateLayout.replicate_layout 990:Src text UUid:2f0d4395-5ac2-4cb1-ae92-31f990ca1cfa
09-25 22:29:03 com_github_MitjaNemec_ReplicateLayout.replicate_layout 991:Dst text UUid:5acfd410-a6df-492a-bd2c-cf1a5c5182ac
09-25 22:29:03 com_github_MitjaNemec_ReplicateLayout.replicate_layout 990:Src text UUid:01687352-35cc-41de-98f2-7940e8946b22
09-25 22:29:03 com_github_MitjaNemec_ReplicateLayout.replicate_layout 991:Dst text UUid:6f42d37c-70de-4348-8679-806e9a4f1973
09-25 22:29:03 com_github_MitjaNemec_ReplicateLayout.replicate_layout 990:Src text UUid:2ea61867-d23f-4174-8e88-77542bd28c1e
09-25 22:29:03 com_github_MitjaNemec_ReplicateLayout.replicate_layout 991:Dst text UUid:8b884033-ca5d-4d6c-be7e-2e804f1e40fa
09-25 22:29:03 com_github_MitjaNemec_ReplicateLayout.replicate_layout 888:Replicating footprint: 'C31'
09-25 22:29:03 com_github_MitjaNemec_ReplicateLayout.replicate_layout 835:Src fp.id: '6E040FE2-FDD1-4D98-BD89-50DA49E2D392'
09-25 22:29:03 com_github_MitjaNemec_ReplicateLayout.replicate_layout 839:Dst fp.id: '6E040FE2-FDD1-4D98-BD89-50DA49E2D392'
09-25 22:29:03 com_github_MitjaNemec_ReplicateLayout.replicate_layout 895:found match in dst footprint: 'C18'
09-25 22:29:03 com_github_MitjaNemec_ReplicateLayout.replicate_layout 990:Src text UUid:41ccd0cc-f763-4268-8240-23a79715ef45
09-25 22:29:03 com_github_MitjaNemec_ReplicateLayout.replicate_layout 991:Dst text UUid:c00f8763-e52f-47f2-bfb6-cd664abced75
09-25 22:29:03 com_github_MitjaNemec_ReplicateLayout.replicate_layout 990:Src text UUid:fb347835-9079-471a-9772-df83ca6a702a
09-25 22:29:03 com_github_MitjaNemec_ReplicateLayout.replicate_layout 991:Dst text UUid:d5a18271-a750-434d-8906-2b719559fd30
09-25 22:29:03 com_github_MitjaNemec_ReplicateLayout.replicate_layout 990:Src text UUid:1a0df1ff-dbd0-4c2b-aea6-bb99169a6ee5
09-25 22:29:03 com_github_MitjaNemec_ReplicateLayout.replicate_layout 991:Dst text UUid:0041662d-e922-4224-8f93-1b8c8a4b6c7e
09-25 22:29:03 com_github_MitjaNemec_ReplicateLayout.replicate_layout 888:Replicating footprint: 'C29'
09-25 22:29:03 com_github_MitjaNemec_ReplicateLayout.replicate_layout 835:Src fp.id: 'E676F80F-B8D8-4FC4-A5B6-2EC6A59EE015'
09-25 22:29:03 com_github_MitjaNemec_ReplicateLayout.replicate_layout 839:Dst fp.id: 'E676F80F-B8D8-4FC4-A5B6-2EC6A59EE015'
09-25 22:29:03 com_github_MitjaNemec_ReplicateLayout.replicate_layout 895:found match in dst footprint: 'C16'
09-25 22:29:03 com_github_MitjaNemec_ReplicateLayout.replicate_layout 990:Src text UUid:c4c43574-e1ea-40b7-8df3-f9530c47d738
09-25 22:29:03 com_github_MitjaNemec_ReplicateLayout.replicate_layout 991:Dst text UUid:bfe58d52-b1bf-4097-b23f-47259133d998
09-25 22:29:03 com_github_MitjaNemec_ReplicateLayout.replicate_layout 990:Src text UUid:37f7ba53-1df1-429c-a4ad-3a73a570fe0c
09-25 22:29:03 com_github_MitjaNemec_ReplicateLayout.replicate_layout 991:Dst text UUid:a872ee50-5eeb-41b7-af11-80c16b05336a
09-25 22:29:03 com_github_MitjaNemec_ReplicateLayout.replicate_layout 990:Src text UUid:b569c0ed-0899-4eda-ab1f-a590c0fcbdc8
09-25 22:29:03 com_github_MitjaNemec_ReplicateLayout.replicate_layout 991:Dst text UUid:d5b04961-f16e-4566-a867-b849e24a958f
09-25 22:29:03 com_github_MitjaNemec_ReplicateLayout.replicate_layout 888:Replicating footprint: 'C27'
09-25 22:29:03 com_github_MitjaNemec_ReplicateLayout.replicate_layout 835:Src fp.id: '0546A77E-2ED1-47FE-A127-E7722BC9AAF7'
09-25 22:29:03 com_github_MitjaNemec_ReplicateLayout.replicate_layout 839:Dst fp.id: '0546A77E-2ED1-47FE-A127-E7722BC9AAF7'
09-25 22:29:03 com_github_MitjaNemec_ReplicateLayout.replicate_layout 895:found match in dst footprint: 'C14'
09-25 22:29:03 com_github_MitjaNemec_ReplicateLayout.replicate_layout 990:Src text UUid:9ff5496e-a2df-47fe-b297-29f2f1842636
09-25 22:29:03 com_github_MitjaNemec_ReplicateLayout.replicate_layout 991:Dst text UUid:782b34ad-ec20-46ac-afb8-2c14c5a08172
09-25 22:29:03 com_github_MitjaNemec_ReplicateLayout.replicate_layout 990:Src text UUid:0d32c06e-6a3d-4863-9068-0da8b4fb10e8
09-25 22:29:03 com_github_MitjaNemec_ReplicateLayout.replicate_layout 991:Dst text UUid:fce3168d-97df-424f-8230-92f6584cca4b
09-25 22:29:03 com_github_MitjaNemec_ReplicateLayout.replicate_layout 990:Src text UUid:26de9fcb-3481-4a58-abc5-43b99d6d2d61
09-25 22:29:03 com_github_MitjaNemec_ReplicateLayout.replicate_layout 991:Dst text UUid:5f62605e-35fd-4081-92c6-74699684bd80
09-25 22:29:03 com_github_MitjaNemec_ReplicateLayout.replicate_layout 888:Replicating footprint: 'C26'
09-25 22:29:03 com_github_MitjaNemec_ReplicateLayout.replicate_layout 835:Src fp.id: 'AE09187A-7005-428E-81B7-6F0C4B05F769'
09-25 22:29:03 com_github_MitjaNemec_ReplicateLayout.replicate_layout 839:Dst fp.id: 'AE09187A-7005-428E-81B7-6F0C4B05F769'
09-25 22:29:03 com_github_MitjaNemec_ReplicateLayout.replicate_layout 895:found match in dst footprint: 'C13'
09-25 22:29:03 com_github_MitjaNemec_ReplicateLayout.replicate_layout 990:Src text UUid:0871ef10-14a0-4f56-9e70-570b1b0e7231
09-25 22:29:03 com_github_MitjaNemec_ReplicateLayout.replicate_layout 991:Dst text UUid:d00addfd-4ca9-4956-ab2e-b627f4c6182c
09-25 22:29:03 com_github_MitjaNemec_ReplicateLayout.replicate_layout 990:Src text UUid:09ea75db-c5d9-4605-93e8-a14052603497
09-25 22:29:03 com_github_MitjaNemec_ReplicateLayout.replicate_layout 991:Dst text UUid:5ee8819b-0a02-4b29-b3a1-bedad37ded1f
09-25 22:29:03 com_github_MitjaNemec_ReplicateLayout.replicate_layout 990:Src text UUid:15f23247-760b-4cf0-beff-4b78e38c5bc8
09-25 22:29:03 com_github_MitjaNemec_ReplicateLayout.replicate_layout 991:Dst text UUid:d6d206bb-c0fa-4ad4-9eb2-9679e6f8933e
09-25 22:29:03 com_github_MitjaNemec_ReplicateLayout.replicate_layout 888:Replicating footprint: 'C25'
09-25 22:29:03 com_github_MitjaNemec_ReplicateLayout.replicate_layout 835:Src fp.id: '7CEA9751-FDF0-415B-9AB6-AB869A66812B'
09-25 22:29:03 com_github_MitjaNemec_ReplicateLayout.replicate_layout 839:Dst fp.id: '7CEA9751-FDF0-415B-9AB6-AB869A66812B'
09-25 22:29:03 com_github_MitjaNemec_ReplicateLayout.replicate_layout 895:found match in dst footprint: 'C12'
09-25 22:29:03 com_github_MitjaNemec_ReplicateLayout.replicate_layout 990:Src text UUid:92303e1e-a77e-4622-9c59-b3fb25da015a
09-25 22:29:03 com_github_MitjaNemec_ReplicateLayout.replicate_layout 991:Dst text UUid:1f3f35e4-926c-470a-b832-cfebfcbaa4ab
09-25 22:29:03 com_github_MitjaNemec_ReplicateLayout.replicate_layout 990:Src text UUid:cd75eb86-ffd6-43ac-9500-184dc1772435
09-25 22:29:03 com_github_MitjaNemec_ReplicateLayout.replicate_layout 991:Dst text UUid:4c25e566-d942-4cd2-9dd9-c52a46091919
09-25 22:29:03 com_github_MitjaNemec_ReplicateLayout.replicate_layout 990:Src text UUid:bd421f92-d698-4bb1-adb0-b578f3833abb
09-25 22:29:03 com_github_MitjaNemec_ReplicateLayout.replicate_layout 991:Dst text UUid:fc6b9f4f-63e4-4218-a134-c2114448c9bb
09-25 22:29:03 com_github_MitjaNemec_ReplicateLayout.replicate_layout 888:Replicating footprint: 'C24'
09-25 22:29:03 com_github_MitjaNemec_ReplicateLayout.replicate_layout 835:Src fp.id: '6A1104E4-E69F-47D4-8387-E698ED2B70BF'
09-25 22:29:03 com_github_MitjaNemec_ReplicateLayout.replicate_layout 839:Dst fp.id: '6A1104E4-E69F-47D4-8387-E698ED2B70BF'
09-25 22:29:03 com_github_MitjaNemec_ReplicateLayout.replicate_layout 895:found match in dst footprint: 'C11'
09-25 22:29:03 com_github_MitjaNemec_ReplicateLayout.replicate_layout 990:Src text UUid:5b59345d-b413-4dcc-9cad-382c087c0dfe
09-25 22:29:03 com_github_MitjaNemec_ReplicateLayout.replicate_layout 991:Dst text UUid:e1a37351-b32f-42da-9d9b-30b79a4147a2
09-25 22:29:03 com_github_MitjaNemec_ReplicateLayout.replicate_layout 990:Src text UUid:564a5d73-456a-45ad-b874-37f66fde2f7b
09-25 22:29:03 com_github_MitjaNemec_ReplicateLayout.replicate_layout 991:Dst text UUid:63435253-5a26-4d05-aa92-8329059e5f71
09-25 22:29:03 com_github_MitjaNemec_ReplicateLayout.replicate_layout 990:Src text UUid:95857fff-e27b-43d3-bcca-04cced921571
09-25 22:29:03 com_github_MitjaNemec_ReplicateLayout.replicate_layout 991:Dst text UUid:71a5c0f5-943f-48ec-b27e-683a599234f9
09-25 22:29:03 com_github_MitjaNemec_ReplicateLayout.replicate_layout 888:Replicating footprint: 'IC4'
09-25 22:29:03 com_github_MitjaNemec_ReplicateLayout.replicate_layout 835:Src fp.id: 'BCC186B3-3CAF-410A-BAD0-450ED99C1DFA'
09-25 22:29:03 com_github_MitjaNemec_ReplicateLayout.replicate_layout 839:Dst fp.id: 'BCC186B3-3CAF-410A-BAD0-450ED99C1DFA'
09-25 22:29:03 com_github_MitjaNemec_ReplicateLayout.replicate_layout 895:found match in dst footprint: 'IC2'
09-25 22:29:03 com_github_MitjaNemec_ReplicateLayout.replicate_layout 990:Src text UUid:4fb78f96-11f6-464a-b10e-1d61f9075ecd
09-25 22:29:03 com_github_MitjaNemec_ReplicateLayout.replicate_layout 991:Dst text UUid:1e70cb45-db2c-44c0-b82f-0a5e45a9c46e
09-25 22:29:03 com_github_MitjaNemec_ReplicateLayout.replicate_layout 990:Src text UUid:e9e160cc-a693-436b-8be8-ac854a0b886a
09-25 22:29:03 com_github_MitjaNemec_ReplicateLayout.replicate_layout 991:Dst text UUid:e48a793b-6a42-4049-aa2f-dfe2fdece43b
09-25 22:29:03 com_github_MitjaNemec_ReplicateLayout.replicate_layout 990:Src text UUid:65186843-f946-4a40-abe1-a3c989f2be0f
09-25 22:29:03 com_github_MitjaNemec_ReplicateLayout.replicate_layout 991:Dst text UUid:1d883169-16fc-44a5-a0bc-c481a10c6161
09-25 22:29:03 root 340:updating GUI message: 'Replicating tracks'
09-25 22:29:03 com_github_MitjaNemec_ReplicateLayout.replicate_layout 1014:Replicating tracks
09-25 22:29:03 com_github_MitjaNemec_ReplicateLayout.replicate_layout 1020:Replicating tracks on sheet ['/Sampling Head CH2/', '/Sampling Head CH1/High Speed Comparator/']
09-25 22:29:03 com_github_MitjaNemec_ReplicateLayout.replicate_layout 835:Src fp.id: 'BCC186B3-3CAF-410A-BAD0-450ED99C1DFA'
09-25 22:29:03 com_github_MitjaNemec_ReplicateLayout.replicate_layout 839:Dst fp.id: 'BCC186B3-3CAF-410A-BAD0-450ED99C1DFA'
09-25 22:29:03 com_github_MitjaNemec_ReplicateLayout.replicate_layout 792:Net pairs for sheet ['/Sampling Head CH2/', '/Sampling Head CH1/High Speed Comparator/'] :[('-5VA', '-5VA'), ('/Sampling Head CH1/High Speed Comparator/COMP_OUT+', '/Sampling Head CH2/High Speed Comparator/COMP_OUT+'), ('/Sampling Head CH1/SIGNAL', '/Sampling Head CH2/SIGNAL'), ('+5VA', '+5VA'), ('GND', 'GND'), ('unconnected-(IC4-HYS-Pad14)', 'unconnected-(IC6-HYS-Pad14)'), ('Net-(IC4-VN)', 'Net-(IC6-VN)'), ('/Sampling Head CH1/CMP_LEVEL', '/Sampling Head CH2/CMP_LEVEL'), ('+3.3V', '+3.3V'), ('/Sampling Head CH1/CMP_LE+', '/Sampling Head CH2/CMP_LE+'), ('/Sampling Head CH1/CMP_LE-', '/Sampling Head CH2/CMP_LE-'), ('Net-(IC4-V_{TT})', 'Net-(IC6-V_{TT})'), ('/Sampling Head CH1/High Speed Comparator/COMP_OUT-', '/Sampling Head CH2/High Speed Comparator/COMP_OUT-')]
09-25 22:29:03 com_github_MitjaNemec_ReplicateLayout.replicate_layout 1020:Replicating tracks on sheet ['/Trigger Circuitry/', '/Trigger Circuitry/High Speed Comparator/']
09-25 22:29:03 com_github_MitjaNemec_ReplicateLayout.replicate_layout 835:Src fp.id: 'BCC186B3-3CAF-410A-BAD0-450ED99C1DFA'
09-25 22:29:03 com_github_MitjaNemec_ReplicateLayout.replicate_layout 839:Dst fp.id: 'BCC186B3-3CAF-410A-BAD0-450ED99C1DFA'
09-25 22:29:03 com_github_MitjaNemec_ReplicateLayout.replicate_layout 776:Significant difference between src net: ['', 'Sampling Head CH1', 'CMP_LEVEL'] and dst net: ['', 'Trigger Circuitry', 'TRIG_LVL'], with src_net_depth=3, dst_net_depth=3, src_fp_depth=2, dst_fp_depth=2, match level 0.61
09-25 22:29:03 com_github_MitjaNemec_ReplicateLayout.replicate_layout 776:Significant difference between src net: ['', 'Sampling Head CH1', 'SIGNAL'] and dst net: ['', 'Trigger Circuitry', 'TRIG'], with src_net_depth=3, dst_net_depth=3, src_fp_depth=2, dst_fp_depth=2, match level 0.56
09-25 22:29:03 com_github_MitjaNemec_ReplicateLayout.replicate_layout 792:Net pairs for sheet ['/Trigger Circuitry/', '/Trigger Circuitry/High Speed Comparator/'] :[('-5VA', '-5VA'), ('/Sampling Head CH1/CMP_LEVEL', '/Trigger Circuitry/TRIG_LVL'), ('Net-(IC4-V_{TT})', 'Net-(IC2-V_{TT})'), ('/Sampling Head CH1/CMP_LE+', '/Trigger Circuitry/High Speed Comparator/CMP_LE+'), ('Net-(IC4-VN)', 'Net-(IC2-VN)'), ('GND', 'GND'), ('/Sampling Head CH1/High Speed Comparator/COMP_OUT+', '/Trigger Circuitry/High Speed Comparator/COMP_OUT+'), ('/Sampling Head CH1/SIGNAL', '/Trigger Circuitry/TRIG'), ('/Sampling Head CH1/High Speed Comparator/COMP_OUT-', '/Trigger Circuitry/High Speed Comparator/COMP_OUT-'), ('/Sampling Head CH1/CMP_LE-', '/Trigger Circuitry/High Speed Comparator/CMP_LE-'), ('+3.3V', '+3.3V'), ('+5VA', '+5VA'), ('unconnected-(IC4-HYS-Pad14)', 'unconnected-(IC2-HYS-Pad14)')]
09-25 22:29:03 root 345:updating GUI with: 50
09-25 22:29:03 root 340:updating GUI message: 'Replicating zones'
09-25 22:29:03 com_github_MitjaNemec_ReplicateLayout.replicate_layout 1084:Replicating zones
09-25 22:29:03 com_github_MitjaNemec_ReplicateLayout.replicate_layout 1091:Replicating zones on sheet ['/Sampling Head CH2/', '/Sampling Head CH1/High Speed Comparator/']
09-25 22:29:03 com_github_MitjaNemec_ReplicateLayout.replicate_layout 835:Src fp.id: 'BCC186B3-3CAF-410A-BAD0-450ED99C1DFA'
09-25 22:29:03 com_github_MitjaNemec_ReplicateLayout.replicate_layout 839:Dst fp.id: 'BCC186B3-3CAF-410A-BAD0-450ED99C1DFA'
09-25 22:29:03 com_github_MitjaNemec_ReplicateLayout.replicate_layout 792:Net pairs for sheet ['/Sampling Head CH2/', '/Sampling Head CH1/High Speed Comparator/'] :[('-5VA', '-5VA'), ('/Sampling Head CH1/High Speed Comparator/COMP_OUT+', '/Sampling Head CH2/High Speed Comparator/COMP_OUT+'), ('/Sampling Head CH1/SIGNAL', '/Sampling Head CH2/SIGNAL'), ('+5VA', '+5VA'), ('GND', 'GND'), ('unconnected-(IC4-HYS-Pad14)', 'unconnected-(IC6-HYS-Pad14)'), ('Net-(IC4-VN)', 'Net-(IC6-VN)'), ('/Sampling Head CH1/CMP_LEVEL', '/Sampling Head CH2/CMP_LEVEL'), ('+3.3V', '+3.3V'), ('/Sampling Head CH1/CMP_LE+', '/Sampling Head CH2/CMP_LE+'), ('/Sampling Head CH1/CMP_LE-', '/Sampling Head CH2/CMP_LE-'), ('Net-(IC4-V_{TT})', 'Net-(IC6-V_{TT})'), ('/Sampling Head CH1/High Speed Comparator/COMP_OUT-', '/Sampling Head CH2/High Speed Comparator/COMP_OUT-')]
09-25 22:29:03 com_github_MitjaNemec_ReplicateLayout.replicate_layout 1091:Replicating zones on sheet ['/Trigger Circuitry/', '/Trigger Circuitry/High Speed Comparator/']
09-25 22:29:03 com_github_MitjaNemec_ReplicateLayout.replicate_layout 835:Src fp.id: 'BCC186B3-3CAF-410A-BAD0-450ED99C1DFA'
09-25 22:29:03 com_github_MitjaNemec_ReplicateLayout.replicate_layout 839:Dst fp.id: 'BCC186B3-3CAF-410A-BAD0-450ED99C1DFA'
09-25 22:29:03 com_github_MitjaNemec_ReplicateLayout.replicate_layout 776:Significant difference between src net: ['', 'Sampling Head CH1', 'CMP_LEVEL'] and dst net: ['', 'Trigger Circuitry', 'TRIG_LVL'], with src_net_depth=3, dst_net_depth=3, src_fp_depth=2, dst_fp_depth=2, match level 0.61
09-25 22:29:03 com_github_MitjaNemec_ReplicateLayout.replicate_layout 776:Significant difference between src net: ['', 'Sampling Head CH1', 'SIGNAL'] and dst net: ['', 'Trigger Circuitry', 'TRIG'], with src_net_depth=3, dst_net_depth=3, src_fp_depth=2, dst_fp_depth=2, match level 0.56
09-25 22:29:03 com_github_MitjaNemec_ReplicateLayout.replicate_layout 792:Net pairs for sheet ['/Trigger Circuitry/', '/Trigger Circuitry/High Speed Comparator/'] :[('-5VA', '-5VA'), ('/Sampling Head CH1/CMP_LEVEL', '/Trigger Circuitry/TRIG_LVL'), ('Net-(IC4-V_{TT})', 'Net-(IC2-V_{TT})'), ('/Sampling Head CH1/CMP_LE+', '/Trigger Circuitry/High Speed Comparator/CMP_LE+'), ('Net-(IC4-VN)', 'Net-(IC2-VN)'), ('GND', 'GND'), ('/Sampling Head CH1/High Speed Comparator/COMP_OUT+', '/Trigger Circuitry/High Speed Comparator/COMP_OUT+'), ('/Sampling Head CH1/SIGNAL', '/Trigger Circuitry/TRIG'), ('/Sampling Head CH1/High Speed Comparator/COMP_OUT-', '/Trigger Circuitry/High Speed Comparator/COMP_OUT-'), ('/Sampling Head CH1/CMP_LE-', '/Trigger Circuitry/High Speed Comparator/CMP_LE-'), ('+3.3V', '+3.3V'), ('+5VA', '+5VA'), ('unconnected-(IC4-HYS-Pad14)', 'unconnected-(IC2-HYS-Pad14)')]
09-25 22:29:03 root 340:updating GUI message: 'Replicating text'
09-25 22:29:03 com_github_MitjaNemec_ReplicateLayout.replicate_layout 1173:Replicating text
09-25 22:29:03 com_github_MitjaNemec_ReplicateLayout.replicate_layout 1180:Replicating text on sheet ['/Sampling Head CH2/', '/Sampling Head CH1/High Speed Comparator/']
09-25 22:29:03 com_github_MitjaNemec_ReplicateLayout.replicate_layout 835:Src fp.id: 'BCC186B3-3CAF-410A-BAD0-450ED99C1DFA'
09-25 22:29:03 com_github_MitjaNemec_ReplicateLayout.replicate_layout 839:Dst fp.id: 'BCC186B3-3CAF-410A-BAD0-450ED99C1DFA'
09-25 22:29:03 com_github_MitjaNemec_ReplicateLayout.replicate_layout 1180:Replicating text on sheet ['/Trigger Circuitry/', '/Trigger Circuitry/High Speed Comparator/']
09-25 22:29:03 com_github_MitjaNemec_ReplicateLayout.replicate_layout 835:Src fp.id: 'BCC186B3-3CAF-410A-BAD0-450ED99C1DFA'
09-25 22:29:03 com_github_MitjaNemec_ReplicateLayout.replicate_layout 839:Dst fp.id: 'BCC186B3-3CAF-410A-BAD0-450ED99C1DFA'
09-25 22:29:03 root 340:updating GUI message: 'Replicating drawings'
09-25 22:29:03 com_github_MitjaNemec_ReplicateLayout.replicate_layout 1224:Replicating drawings
09-25 22:29:03 com_github_MitjaNemec_ReplicateLayout.replicate_layout 1230:Replicating drawings on sheet ['/Sampling Head CH2/', '/Sampling Head CH1/High Speed Comparator/']
09-25 22:29:03 com_github_MitjaNemec_ReplicateLayout.replicate_layout 835:Src fp.id: 'BCC186B3-3CAF-410A-BAD0-450ED99C1DFA'
09-25 22:29:03 com_github_MitjaNemec_ReplicateLayout.replicate_layout 839:Dst fp.id: 'BCC186B3-3CAF-410A-BAD0-450ED99C1DFA'
09-25 22:29:03 com_github_MitjaNemec_ReplicateLayout.replicate_layout 1230:Replicating drawings on sheet ['/Trigger Circuitry/', '/Trigger Circuitry/High Speed Comparator/']
09-25 22:29:03 com_github_MitjaNemec_ReplicateLayout.replicate_layout 835:Src fp.id: 'BCC186B3-3CAF-410A-BAD0-450ED99C1DFA'
09-25 22:29:03 com_github_MitjaNemec_ReplicateLayout.replicate_layout 839:Dst fp.id: 'BCC186B3-3CAF-410A-BAD0-450ED99C1DFA'
09-25 22:29:03 com_github_MitjaNemec_ReplicateLayout.action_replicate_layout 264:Replication complete
09-25 22:29:03 com_github_MitjaNemec_ReplicateLayout.action_replicate_layout 267:Letting the user know there are some issues with replicated design
09-25 22:29:03 com_github_MitjaNemec_ReplicateLayout.action_replicate_layout 271:Looks like the design has an exotic connectivity that the plugin might not handle properly
 Make sure that you check the connectivity around:
Footprint IC2, pad 2
Footprint R5, pad 1

